Using pre-set license
Built from '2022.3/staging' branch; Version is '2022.3.9f1 (ea401c316338) revision 15351836'; Using compiler version '192829333'; Build Type 'Release'
OS: 'Windows 10  (10.0.19045) 64bit Professional' Language: 'es' Physical Memory: 24512 MB
BatchMode: 1, IsHumanControllingUs: 0, StartBugReporterOnCrash: 0, Is64bit: 1, IsPro: 1

COMMAND LINE ARGUMENTS:
C:\Program Files\Unity\Hub\Editor\2022.3.9f1\Editor\Unity.exe
-adb2
-batchMode
-noUpm
-name
AssetImportWorker0
-projectPath
D:/Guardados/Cosas agrupadas/Productivo/unity/JAM-Jubilados-master
-logFile
Logs/AssetImportWorker0.log
-srvPort
54113
Successfully changed project path to: D:/Guardados/Cosas agrupadas/Productivo/unity/JAM-Jubilados-master
D:/Guardados/Cosas agrupadas/Productivo/unity/JAM-Jubilados-master
[UnityMemory] Configuration Parameters - Can be set up in boot.config
    "memorysetup-bucket-allocator-granularity=16"
    "memorysetup-bucket-allocator-bucket-count=8"
    "memorysetup-bucket-allocator-block-size=33554432"
    "memorysetup-bucket-allocator-block-count=8"
    "memorysetup-main-allocator-block-size=16777216"
    "memorysetup-thread-allocator-block-size=16777216"
    "memorysetup-gfx-main-allocator-block-size=16777216"
    "memorysetup-gfx-thread-allocator-block-size=16777216"
    "memorysetup-cache-allocator-block-size=4194304"
    "memorysetup-typetree-allocator-block-size=2097152"
    "memorysetup-profiler-bucket-allocator-granularity=16"
    "memorysetup-profiler-bucket-allocator-bucket-count=8"
    "memorysetup-profiler-bucket-allocator-block-size=33554432"
    "memorysetup-profiler-bucket-allocator-block-count=8"
    "memorysetup-profiler-allocator-block-size=16777216"
    "memorysetup-profiler-editor-allocator-block-size=1048576"
    "memorysetup-temp-allocator-size-main=16777216"
    "memorysetup-job-temp-allocator-block-size=2097152"
    "memorysetup-job-temp-allocator-block-size-background=1048576"
    "memorysetup-job-temp-allocator-reduction-small-platforms=262144"
    "memorysetup-allocator-temp-initial-block-size-main=262144"
    "memorysetup-allocator-temp-initial-block-size-worker=262144"
    "memorysetup-temp-allocator-size-background-worker=32768"
    "memorysetup-temp-allocator-size-job-worker=262144"
    "memorysetup-temp-allocator-size-preload-manager=33554432"
    "memorysetup-temp-allocator-size-nav-mesh-worker=65536"
    "memorysetup-temp-allocator-size-audio-worker=65536"
    "memorysetup-temp-allocator-size-cloud-worker=32768"
    "memorysetup-temp-allocator-size-gi-baking-worker=262144"
    "memorysetup-temp-allocator-size-gfx=262144"
Player connection [5052] Host "[IP] 192.168.0.226 [Port] 0 [Flags] 2 [Guid] 3918631697 [EditorId] 3918631697 [Version] 1048832 [Id] WindowsEditor(7,Alvarete-PC) [Debug] 1 [PackageName] WindowsEditor [ProjectName] Editor" joined multi-casting on [225.0.0.222:54997]...

Player connection [5052] Host "[IP] 192.168.0.226 [Port] 0 [Flags] 2 [Guid] 3918631697 [EditorId] 3918631697 [Version] 1048832 [Id] WindowsEditor(7,Alvarete-PC) [Debug] 1 [PackageName] WindowsEditor [ProjectName] Editor" joined alternative multi-casting on [225.0.0.222:34997]...

[Physics::Module] Initialized MultithreadedJobDispatcher with 3 workers.
Refreshing native plugins compatible for Editor in 25.35 ms, found 3 plugins.
Preloading 0 native plugins for Editor in 0.00 ms.
Initialize engine version: 2022.3.9f1 (ea401c316338)
[Subsystems] Discovering subsystems at path C:/Program Files/Unity/Hub/Editor/2022.3.9f1/Editor/Data/Resources/UnitySubsystems
[Subsystems] Discovering subsystems at path D:/Guardados/Cosas agrupadas/Productivo/unity/JAM-Jubilados-master/Assets
GfxDevice: creating device client; threaded=0; jobified=0
Direct3D:
    Version:  Direct3D 11.0 [level 11.1]
    Renderer: Radeon RX 580 Series (ID=0x67df)
    Vendor:   ATI
    VRAM:     8170 MB
    Driver:   31.0.21905.1001
Shader Hidden/ProbeVolume/VoxelizeScene is not supported: GPU does not support conservative rasterization
Initialize mono
Mono path[0] = 'C:/Program Files/Unity/Hub/Editor/2022.3.9f1/Editor/Data/Managed'
Mono path[1] = 'C:/Program Files/Unity/Hub/Editor/2022.3.9f1/Editor/Data/MonoBleedingEdge/lib/mono/unityjit-win32'
Mono config path = 'C:/Program Files/Unity/Hub/Editor/2022.3.9f1/Editor/Data/MonoBleedingEdge/etc'
Using monoOptions --debugger-agent=transport=dt_socket,embedding=1,server=y,suspend=n,address=127.0.0.1:56324
Begin MonoManager ReloadAssembly
Registering precompiled unity dll's ...
Register platform support module: C:/Program Files/Unity/Hub/Editor/2022.3.9f1/Editor/Data/PlaybackEngines/WebGLSupport/UnityEditor.WebGL.Extensions.dll
Register platform support module: C:/Program Files/Unity/Hub/Editor/2022.3.9f1/Editor/Data/PlaybackEngines/MacStandaloneSupport/UnityEditor.OSXStandalone.Extensions.dll
Register platform support module: C:/Program Files/Unity/Hub/Editor/2022.3.9f1/Editor/Data/PlaybackEngines/AndroidPlayer/UnityEditor.Android.Extensions.dll
Register platform support module: C:/Program Files/Unity/Hub/Editor/2022.3.9f1/Editor/Data/PlaybackEngines/iOSSupport/UnityEditor.iOS.Extensions.dll
Register platform support module: C:/Program Files/Unity/Hub/Editor/2022.3.9f1/Editor/Data/PlaybackEngines/AppleTVSupport/UnityEditor.AppleTV.Extensions.dll
Register platform support module: C:/Program Files/Unity/Hub/Editor/2022.3.9f1/Editor/Data/PlaybackEngines/WindowsStandaloneSupport/UnityEditor.WindowsStandalone.Extensions.dll
Register platform support module: C:/Program Files/Unity/Hub/Editor/2022.3.9f1/Editor/Data/PlaybackEngines/LinuxStandaloneSupport/UnityEditor.LinuxStandalone.Extensions.dll
Register platform support module: C:/Program Files/Unity/Hub/Editor/2022.3.9f1/Editor/Data/PlaybackEngines/MetroSupport/UnityEditor.UWP.Extensions.dll
Registered in 0.032578 seconds.
- Loaded All Assemblies, in  0.637 seconds
Native extension for UWP target not found
Native extension for LinuxStandalone target not found
Native extension for WindowsStandalone target not found
[usbmuxd] Start listen thread
[usbmuxd] Listen thread started
Native extension for AppleTV target not found
[usbmuxd] Start listen thread
[usbmuxd] Listen thread started
Native extension for iOS target not found
Native extension for Android target not found
Android Extension - Scanning For ADB Devices 954 ms
Native extension for OSXStandalone target not found
Native extension for WebGL target not found
Mono: successfully reloaded assembly
- Finished resetting the current domain, in  1.501 seconds
Domain Reload Profiling: 2137ms
	BeginReloadAssembly (192ms)
		ExecutionOrderSort (0ms)
		DisableScriptedObjects (0ms)
		BackupInstance (0ms)
		ReleaseScriptingObjects (0ms)
		CreateAndSetChildDomain (1ms)
	RebuildCommonClasses (58ms)
	RebuildNativeTypeToScriptingClass (19ms)
	initialDomainReloadingComplete (118ms)
	LoadAllAssembliesAndSetupDomain (248ms)
		LoadAssemblies (194ms)
		RebuildTransferFunctionScriptingTraits (0ms)
		AnalyzeDomain (242ms)
			TypeCache.Refresh (240ms)
				TypeCache.ScanAssembly (215ms)
			ScanForSourceGeneratedMonoScriptInfo (1ms)
			ResolveRequiredComponents (1ms)
	FinalizeReload (1502ms)
		ReleaseScriptCaches (0ms)
		RebuildScriptCaches (0ms)
		SetupLoadedEditorAssemblies (1401ms)
			LogAssemblyErrors (0ms)
			InitializePlatformSupportModulesInManaged (1163ms)
			SetLoadedEditorAssemblies (6ms)
			RefreshPlugins (0ms)
			BeforeProcessingInitializeOnLoad (3ms)
			ProcessInitializeOnLoadAttributes (137ms)
			ProcessInitializeOnLoadMethodAttributes (92ms)
			AfterProcessingInitializeOnLoad (0ms)
			EditorAssembliesLoaded (0ms)
		ExecutionOrderSort2 (0ms)
		AwakeInstancesAfterBackupRestoration (0ms)
========================================================================
Worker process is ready to serve import requests
Begin MonoManager ReloadAssembly
- Loaded All Assemblies, in  1.319 seconds
Refreshing native plugins compatible for Editor in 4.31 ms, found 3 plugins.
Native extension for UWP target not found
Native extension for LinuxStandalone target not found
Native extension for WindowsStandalone target not found
Native extension for AppleTV target not found
Native extension for iOS target not found
Native extension for Android target not found
Native extension for OSXStandalone target not found
Native extension for WebGL target not found
Mono: successfully reloaded assembly
- Finished resetting the current domain, in  2.586 seconds
Domain Reload Profiling: 3903ms
	BeginReloadAssembly (215ms)
		ExecutionOrderSort (0ms)
		DisableScriptedObjects (7ms)
		BackupInstance (0ms)
		ReleaseScriptingObjects (0ms)
		CreateAndSetChildDomain (27ms)
	RebuildCommonClasses (50ms)
	RebuildNativeTypeToScriptingClass (17ms)
	initialDomainReloadingComplete (62ms)
	LoadAllAssembliesAndSetupDomain (973ms)
		LoadAssemblies (567ms)
		RebuildTransferFunctionScriptingTraits (0ms)
		AnalyzeDomain (543ms)
			TypeCache.Refresh (470ms)
				TypeCache.ScanAssembly (438ms)
			ScanForSourceGeneratedMonoScriptInfo (49ms)
			ResolveRequiredComponents (23ms)
	FinalizeReload (2587ms)
		ReleaseScriptCaches (0ms)
		RebuildScriptCaches (0ms)
		SetupLoadedEditorAssemblies (2260ms)
			LogAssemblyErrors (0ms)
			InitializePlatformSupportModulesInManaged (73ms)
			SetLoadedEditorAssemblies (4ms)
			RefreshPlugins (0ms)
			BeforeProcessingInitializeOnLoad (114ms)
			ProcessInitializeOnLoadAttributes (1939ms)
			ProcessInitializeOnLoadMethodAttributes (118ms)
			AfterProcessingInitializeOnLoad (11ms)
			EditorAssembliesLoaded (0ms)
		ExecutionOrderSort2 (0ms)
		AwakeInstancesAfterBackupRestoration (16ms)
Shader Hidden/ProbeVolume/VoxelizeScene is not supported: GPU does not support conservative rasterization
Launched and connected shader compiler UnityShaderCompiler.exe after 0.10 seconds
Refreshing native plugins compatible for Editor in 8.55 ms, found 3 plugins.
Preloading 0 native plugins for Editor in 0.00 ms.
Unloading 6089 Unused Serialized files (Serialized files now loaded: 0)
Unloading 95 unused Assets / (460.0 KB). Loaded Objects now: 6549.
Memory consumption went from 234.7 MB to 234.2 MB.
Total: 6.348500 ms (FindLiveObjects: 0.544100 ms CreateObjectMapping: 0.672200 ms MarkObjects: 4.866900 ms  DeleteObjects: 0.264400 ms)

AssetImportParameters requested are different than current active one (requested -> active):
  custom:container-demuxer-ogg: 62fdf1f143b41e24485cea50d1cbac27 -> 
  custom:video-decoder-ogg-theora: a1e56fd34408186e4bbccfd4996cb3dc -> 
  custom:framework-win-MediaFoundation: 216162199b28c13a410421893ffa2e32 -> 
  custom:container-demuxer-webm: 4f35f7cbe854078d1ac9338744f61a02 -> 
  custom:container-muxer-webm: aa71ff27fc2769a1b78a27578f13a17b -> 
  custom:video-decoder-webm-vp8: 9c59270c3fd7afecdb556c50c9e8de78 -> 
  custom:AudioImporter_EditorPlatform: d09bf68614088b80899f8185d706f6e7 -> 
  custom:video-encoder-webm-vp8: eb34c28f22e8b96e1ab97ce403110664 -> 
  custom:audio-decoder-ogg-vorbis: bf7c407c2cedff20999df2af8eb42d56 -> 
  custom:audio-encoder-webm-vorbis: bf7c407c2cedff20999df2af8eb42d56 -> 
========================================================================
Received Import Request.
  Time since last request: 48740.768681 seconds.
  path: Assets/sonido/jubilados.wav
  artifactKey: Guid(6a21329a7f7d20f4c9edadf3361d64a5) Importer(815301076,1909f56bfc062723c751e8b465ee728b)
Start importing Assets/sonido/jubilados.wav using Guid(6a21329a7f7d20f4c9edadf3361d64a5) Importer(815301076,1909f56bfc062723c751e8b465ee728b)  -> (artifact id: '75fdb8f6de0d83347ba8dfa15fe6250c') in 0.135854 seconds
Number of updated asset objects reloaded before import = 0
Number of asset objects unloaded after import = 2
========================================================================
Received Import Request.
  Time since last request: 0.000050 seconds.
  path: Assets/sonido/trompetas de la 12_audio.wav
  artifactKey: Guid(0e6756deb3a6dbc46aaeb63a2fd79035) Importer(815301076,1909f56bfc062723c751e8b465ee728b)
Start importing Assets/sonido/trompetas de la 12_audio.wav using Guid(0e6756deb3a6dbc46aaeb63a2fd79035) Importer(815301076,1909f56bfc062723c751e8b465ee728b)  -> (artifact id: 'f4980a1c4e61ba2883970aef061b10de') in 0.023092 seconds
Number of updated asset objects reloaded before import = 0
Number of asset objects unloaded after import = 2
========================================================================
Received Import Request.
  Time since last request: 0.000016 seconds.
  path: Assets/sonido/Manifestación.wav
  artifactKey: Guid(9c8554ba4b9c91a448b6b7b838c857df) Importer(815301076,1909f56bfc062723c751e8b465ee728b)
Start importing Assets/sonido/Manifestación.wav using Guid(9c8554ba4b9c91a448b6b7b838c857df) Importer(815301076,1909f56bfc062723c751e8b465ee728b)  -> (artifact id: 'c31754e33dd8de584bbcd6a16f0edd72') in 0.023894 seconds
Number of updated asset objects reloaded before import = 0
Number of asset objects unloaded after import = 2
========================================================================
Received Import Request.
  Time since last request: 24.046294 seconds.
  path: Assets/Skybox.mat
  artifactKey: Guid(15e06afadb45b7f4fbeebe6417a7ca20) Importer(815301076,1909f56bfc062723c751e8b465ee728b)
Start importing Assets/Skybox.mat using Guid(15e06afadb45b7f4fbeebe6417a7ca20) Importer(815301076,1909f56bfc062723c751e8b465ee728b)  -> (artifact id: '1f583ef5e6d2afc47ae86bc92f50507a') in 0.349406 seconds
Number of updated asset objects reloaded before import = 0
Number of asset objects unloaded after import = 2
========================================================================
Received Import Request.
  Time since last request: 0.000028 seconds.
  path: Assets/UniversalRenderPipelineGlobalSettings.asset
  artifactKey: Guid(30ccb801b5d812b4bb313226d6e25b84) Importer(815301076,1909f56bfc062723c751e8b465ee728b)
Start importing Assets/UniversalRenderPipelineGlobalSettings.asset using Guid(30ccb801b5d812b4bb313226d6e25b84) Importer(815301076,1909f56bfc062723c751e8b465ee728b)  -> (artifact id: '98ced42a4d43ba20172953f7a90cd987') in 0.001073 seconds
Number of updated asset objects reloaded before import = 0
Number of asset objects unloaded after import = 1
========================================================================
Received Import Request.
  Time since last request: 3.616139 seconds.
  path: Assets/Modelos
  artifactKey: Guid(d8aa7383837b5b14693a3fff58779e06) Importer(815301076,1909f56bfc062723c751e8b465ee728b)
Start importing Assets/Modelos using Guid(d8aa7383837b5b14693a3fff58779e06) Importer(815301076,1909f56bfc062723c751e8b465ee728b)  -> (artifact id: '65c5835cb7925874c9b4886b4a2d57c6') in 0.000462 seconds
Number of updated asset objects reloaded before import = 0
Number of asset objects unloaded after import = 0
========================================================================
Received Import Request.
  Time since last request: 0.057823 seconds.
  path: Assets/Modelos/Auditoria.fbx
  artifactKey: Guid(57e8dc25703128e4e86fb0748415489f) Importer(815301076,1909f56bfc062723c751e8b465ee728b)
Start importing Assets/Modelos/Auditoria.fbx using Guid(57e8dc25703128e4e86fb0748415489f) Importer(815301076,1909f56bfc062723c751e8b465ee728b)  -> (artifact id: 'd738db79ef24f0221c856c131c5cdc2f') in 1.238022 seconds
Number of updated asset objects reloaded before import = 0
Number of asset objects unloaded after import = 321
========================================================================
Received Import Request.
  Time since last request: 0.000035 seconds.
  path: Assets/Modelos/Plaza.fbx
  artifactKey: Guid(d3f1076831557df49b989eae87f5a4bd) Importer(815301076,1909f56bfc062723c751e8b465ee728b)
Start importing Assets/Modelos/Plaza.fbx using Guid(d3f1076831557df49b989eae87f5a4bd) Importer(815301076,1909f56bfc062723c751e8b465ee728b)  -> (artifact id: '5222b77b421d58f18f48e96277c10ae0') in 0.117067 seconds
Number of updated asset objects reloaded before import = 0
Number of asset objects unloaded after import = 46
========================================================================
Received Import Request.
  Time since last request: 0.000029 seconds.
  path: Assets/Modelos/Rejas.fbx
  artifactKey: Guid(e7dc9962321206a428a2d44a55f67c76) Importer(815301076,1909f56bfc062723c751e8b465ee728b)
Start importing Assets/Modelos/Rejas.fbx using Guid(e7dc9962321206a428a2d44a55f67c76) Importer(815301076,1909f56bfc062723c751e8b465ee728b)  -> (artifact id: 'd8734b1c6327d83791fbfcfe974eda9f') in 0.044259 seconds
Number of updated asset objects reloaded before import = 0
Number of asset objects unloaded after import = 16
========================================================================
Received Import Request.
  Time since last request: 0.000020 seconds.
  path: Assets/Modelos/EdificioGenerico_4x3.fbx
  artifactKey: Guid(d649fd849d86b6947b93513d3cb78947) Importer(815301076,1909f56bfc062723c751e8b465ee728b)
Start importing Assets/Modelos/EdificioGenerico_4x3.fbx using Guid(d649fd849d86b6947b93513d3cb78947) Importer(815301076,1909f56bfc062723c751e8b465ee728b)  -> (artifact id: '1906de612bdc8bd1c1fe4e74d4dac4b3') in 0.075354 seconds
Number of updated asset objects reloaded before import = 0
Number of asset objects unloaded after import = 31
========================================================================
Received Import Request.
  Time since last request: 0.000020 seconds.
  path: Assets/Modelos/Farol.fbx
  artifactKey: Guid(c5374b1e417c3f04bba6d0d5ee3cc6dc) Importer(815301076,1909f56bfc062723c751e8b465ee728b)
Start importing Assets/Modelos/Farol.fbx using Guid(c5374b1e417c3f04bba6d0d5ee3cc6dc) Importer(815301076,1909f56bfc062723c751e8b465ee728b)  -> (artifact id: 'd3650712ea091620ebdd677ad94478f2') in 0.022891 seconds
Number of updated asset objects reloaded before import = 0
Number of asset objects unloaded after import = 8
========================================================================
Received Import Request.
  Time since last request: 0.000023 seconds.
  path: Assets/Modelos/EdificioGenerico.fbx
  artifactKey: Guid(55f5cf11b1644204d96a881546e53445) Importer(815301076,1909f56bfc062723c751e8b465ee728b)
Start importing Assets/Modelos/EdificioGenerico.fbx using Guid(55f5cf11b1644204d96a881546e53445) Importer(815301076,1909f56bfc062723c751e8b465ee728b)  -> (artifact id: 'ee64619dd73229cc050e0d348d5670bc') in 0.079376 seconds
Number of updated asset objects reloaded before import = 0
Number of asset objects unloaded after import = 31
========================================================================
Received Import Request.
  Time since last request: 0.000022 seconds.
  path: Assets/Modelos/Congreso.fbx
  artifactKey: Guid(f6293a8a60e03d449a181239ba1e5f58) Importer(815301076,1909f56bfc062723c751e8b465ee728b)
Start importing Assets/Modelos/Congreso.fbx using Guid(f6293a8a60e03d449a181239ba1e5f58) Importer(815301076,1909f56bfc062723c751e8b465ee728b)  -> (artifact id: '43f7369a6523da0202f489bcda26c03d') in 0.235418 seconds
Number of updated asset objects reloaded before import = 0
Number of asset objects unloaded after import = 91
========================================================================
Received Import Request.
  Time since last request: 0.000027 seconds.
  path: Assets/Modelos/EdificioGenerico_5x3.fbx
  artifactKey: Guid(d696c40150c0a8e4987665583eb33293) Importer(815301076,1909f56bfc062723c751e8b465ee728b)
Start importing Assets/Modelos/EdificioGenerico_5x3.fbx using Guid(d696c40150c0a8e4987665583eb33293) Importer(815301076,1909f56bfc062723c751e8b465ee728b)  -> (artifact id: 'dcb8eab245a10c554281eea0e0ef9afa') in 0.077069 seconds
Number of updated asset objects reloaded before import = 0
Number of asset objects unloaded after import = 31
========================================================================
Received Import Request.
  Time since last request: 0.000020 seconds.
  path: Assets/Modelos/Auditoriabaja.fbx
  artifactKey: Guid(c81905b414cb384458b386bf64145d18) Importer(815301076,1909f56bfc062723c751e8b465ee728b)
Start importing Assets/Modelos/Auditoriabaja.fbx using Guid(c81905b414cb384458b386bf64145d18) Importer(815301076,1909f56bfc062723c751e8b465ee728b)  -> (artifact id: 'e49df8d4fc26ef763c7428254f7271dd') in 0.363913 seconds
Number of updated asset objects reloaded before import = 0
Number of asset objects unloaded after import = 316
========================================================================
Received Import Request.
  Time since last request: 0.000022 seconds.
  path: Assets/Modelos/EdificioGenerico_3x5.fbx
  artifactKey: Guid(0a3e8282e3cb92d4dba7bda790ba3662) Importer(815301076,1909f56bfc062723c751e8b465ee728b)
Start importing Assets/Modelos/EdificioGenerico_3x5.fbx using Guid(0a3e8282e3cb92d4dba7bda790ba3662) Importer(815301076,1909f56bfc062723c751e8b465ee728b)  -> (artifact id: '6aca413afe2e8d8aeb7b9334e73a5686') in 0.074107 seconds
Number of updated asset objects reloaded before import = 0
Number of asset objects unloaded after import = 31
========================================================================
Received Import Request.
  Time since last request: 6.534181 seconds.
  path: Assets/Scenes
  artifactKey: Guid(035122a32158a224f9c4329372364b63) Importer(815301076,1909f56bfc062723c751e8b465ee728b)
Start importing Assets/Scenes using Guid(035122a32158a224f9c4329372364b63) Importer(815301076,1909f56bfc062723c751e8b465ee728b)  -> (artifact id: 'a552857d4159ea6dfd46788e21d8b2e7') in 0.000590 seconds
Number of updated asset objects reloaded before import = 0
Number of asset objects unloaded after import = 0
========================================================================
Received Import Request.
  Time since last request: 2.108122 seconds.
  path: Assets/Scenes/Escenario.unity
  artifactKey: Guid(9fc0d4010bbf28b4594072e72b8655ab) Importer(815301076,1909f56bfc062723c751e8b465ee728b)
Start importing Assets/Scenes/Escenario.unity using Guid(9fc0d4010bbf28b4594072e72b8655ab) Importer(815301076,1909f56bfc062723c751e8b465ee728b)  -> (artifact id: '11731e79dddd3034749ffe589c708986') in 0.000618 seconds
Number of updated asset objects reloaded before import = 0
Number of asset objects unloaded after import = 0
========================================================================
Received Import Request.
  Time since last request: 16.356292 seconds.
  path: Assets/sprites
  artifactKey: Guid(7ae1b14930d03fb48a5dc5c3a5b1e6e9) Importer(815301076,1909f56bfc062723c751e8b465ee728b)
Start importing Assets/sprites using Guid(7ae1b14930d03fb48a5dc5c3a5b1e6e9) Importer(815301076,1909f56bfc062723c751e8b465ee728b)  -> (artifact id: '53f4773ee312e9ad1d3707fca20e83b3') in 0.000506 seconds
Number of updated asset objects reloaded before import = 0
Number of asset objects unloaded after import = 0
========================================================================
Received Import Request.
  Time since last request: 0.078819 seconds.
  path: Assets/sprites/manifestante.png
  artifactKey: Guid(cc86684d97af6b14cbd8fcf078cddcbb) Importer(815301076,1909f56bfc062723c751e8b465ee728b)
Start importing Assets/sprites/manifestante.png using Guid(cc86684d97af6b14cbd8fcf078cddcbb) Importer(815301076,1909f56bfc062723c751e8b465ee728b)  -> (artifact id: 'c4ec49dd35714ed7934026704e0d4b4f') in 0.042612 seconds
Number of updated asset objects reloaded before import = 0
Number of asset objects unloaded after import = 2
========================================================================
Received Import Request.
  Time since last request: 0.000018 seconds.
  path: Assets/sprites/milico.png
  artifactKey: Guid(fad8ed27ee0686d46b9fb4e76a62888f) Importer(815301076,1909f56bfc062723c751e8b465ee728b)
Start importing Assets/sprites/milico.png using Guid(fad8ed27ee0686d46b9fb4e76a62888f) Importer(815301076,1909f56bfc062723c751e8b465ee728b)  -> (artifact id: '697570c15eb7313f909268fede14a403') in 0.028100 seconds
Number of updated asset objects reloaded before import = 0
Number of asset objects unloaded after import = 2
========================================================================
Received Import Request.
  Time since last request: 0.000021 seconds.
  path: Assets/sprites/Sprite-0001.png
  artifactKey: Guid(21d033b7228750b4c9e7df0b75efc1b2) Importer(815301076,1909f56bfc062723c751e8b465ee728b)
Start importing Assets/sprites/Sprite-0001.png using Guid(21d033b7228750b4c9e7df0b75efc1b2) Importer(815301076,1909f56bfc062723c751e8b465ee728b)  -> (artifact id: 'a09ac2db0f64ec1e8a3e4d3b442e8880') in 0.032512 seconds
Number of updated asset objects reloaded before import = 0
Number of asset objects unloaded after import = 3
========================================================================
Received Import Request.
  Time since last request: 0.000027 seconds.
  path: Assets/sprites/manifestante2.png
  artifactKey: Guid(8cf5c06234c1a77428be008f73306156) Importer(815301076,1909f56bfc062723c751e8b465ee728b)
Start importing Assets/sprites/manifestante2.png using Guid(8cf5c06234c1a77428be008f73306156) Importer(815301076,1909f56bfc062723c751e8b465ee728b)  -> (artifact id: '45fa5aa3d1da23c5a1b47b315826a72f') in 0.022408 seconds
Number of updated asset objects reloaded before import = 0
Number of asset objects unloaded after import = 2
========================================================================
Received Import Request.
  Time since last request: 0.000021 seconds.
  path: Assets/sprites/manifestante3.png
  artifactKey: Guid(b39cdffc5dedc014fac3d3854d4a5f28) Importer(815301076,1909f56bfc062723c751e8b465ee728b)
Start importing Assets/sprites/manifestante3.png using Guid(b39cdffc5dedc014fac3d3854d4a5f28) Importer(815301076,1909f56bfc062723c751e8b465ee728b)  -> (artifact id: '4b0e0bde5b1493c4b4a7b2f03ab29d37') in 0.023684 seconds
Number of updated asset objects reloaded before import = 0
Number of asset objects unloaded after import = 2
========================================================================
Received Import Request.
  Time since last request: 0.000019 seconds.
  path: Assets/sprites/milico2.png
  artifactKey: Guid(900732303f4429f48b5d4ae48c8a4192) Importer(815301076,1909f56bfc062723c751e8b465ee728b)
Start importing Assets/sprites/milico2.png using Guid(900732303f4429f48b5d4ae48c8a4192) Importer(815301076,1909f56bfc062723c751e8b465ee728b)  -> (artifact id: '930897546a650a293830d654929f38f0') in 0.022736 seconds
Number of updated asset objects reloaded before import = 0
Number of asset objects unloaded after import = 2
========================================================================
Received Import Request.
  Time since last request: 0.000020 seconds.
  path: Assets/sprites/Sprite-0002.png
  artifactKey: Guid(b792387855aae034186e4aef423359bf) Importer(815301076,1909f56bfc062723c751e8b465ee728b)
Start importing Assets/sprites/Sprite-0002.png using Guid(b792387855aae034186e4aef423359bf) Importer(815301076,1909f56bfc062723c751e8b465ee728b)  -> (artifact id: 'f01f8892e6515e57b1b38a960e8da5de') in 0.028325 seconds
Number of updated asset objects reloaded before import = 0
Number of asset objects unloaded after import = 3
========================================================================
Received Import Request.
  Time since last request: 0.000020 seconds.
  path: Assets/sprites/viejito2.png
  artifactKey: Guid(7c155f5bcd0bc8d47af0e31168e3ade7) Importer(815301076,1909f56bfc062723c751e8b465ee728b)
Start importing Assets/sprites/viejito2.png using Guid(7c155f5bcd0bc8d47af0e31168e3ade7) Importer(815301076,1909f56bfc062723c751e8b465ee728b)  -> (artifact id: '70f5d3e55db77ea1b4f10b4a6f125819') in 0.023003 seconds
Number of updated asset objects reloaded before import = 0
Number of asset objects unloaded after import = 2
========================================================================
Received Prepare
Shader Hidden/ProbeVolume/VoxelizeScene is not supported: GPU does not support conservative rasterization
Refreshing native plugins compatible for Editor in 3.06 ms, found 3 plugins.
Preloading 0 native plugins for Editor in 0.00 ms.
Unloading 4 Unused Serialized files (Serialized files now loaded: 0)
Unloading 4 unused Assets / (407.7 KB). Loaded Objects now: 6689.
Memory consumption went from 113.0 MB to 112.6 MB.
Total: 5.593200 ms (FindLiveObjects: 0.524900 ms CreateObjectMapping: 0.580200 ms MarkObjects: 4.339100 ms  DeleteObjects: 0.148300 ms)

Prepare: number of updated asset objects reloaded= 0
AssetImportParameters requested are different than current active one (requested -> active):
  custom:container-demuxer-ogg: 62fdf1f143b41e24485cea50d1cbac27 -> 
  custom:video-decoder-ogg-theora: a1e56fd34408186e4bbccfd4996cb3dc -> 
  custom:framework-win-MediaFoundation: 216162199b28c13a410421893ffa2e32 -> 
  custom:CustomObjectIndexerAttribute: a3ef5dd2817f97addfee359851a9dba5 -> 
  custom:container-demuxer-webm: 4f35f7cbe854078d1ac9338744f61a02 -> 
  custom:container-muxer-webm: aa71ff27fc2769a1b78a27578f13a17b -> 
  custom:video-decoder-webm-vp8: 9c59270c3fd7afecdb556c50c9e8de78 -> 
  custom:SearchIndexIgnoredProperties: e643bd26f0fe6173181afceb89e7c659 -> 
  custom:AudioImporter_EditorPlatform: d09bf68614088b80899f8185d706f6e7 -> 
  custom:video-encoder-webm-vp8: eb34c28f22e8b96e1ab97ce403110664 -> 
  custom:audio-decoder-ogg-vorbis: bf7c407c2cedff20999df2af8eb42d56 -> 
  custom:audio-encoder-webm-vorbis: bf7c407c2cedff20999df2af8eb42d56 -> 
========================================================================
Received Import Request.
  Time since last request: 185.704815 seconds.
  path: Assets/sprites/manifestante.png
  artifactKey: Guid(cc86684d97af6b14cbd8fcf078cddcbb) Importer(815301076,1909f56bfc062723c751e8b465ee728b)
Start importing Assets/sprites/manifestante.png using Guid(cc86684d97af6b14cbd8fcf078cddcbb) Importer(815301076,1909f56bfc062723c751e8b465ee728b)  -> (artifact id: 'ed390d341518dc229ace1b4e3a36cc6b') in 0.016429 seconds
Number of updated asset objects reloaded before import = 0
Number of asset objects unloaded after import = 2
========================================================================
Received Import Request.
  Time since last request: 0.000028 seconds.
  path: Assets/sprites/milico.png
  artifactKey: Guid(fad8ed27ee0686d46b9fb4e76a62888f) Importer(815301076,1909f56bfc062723c751e8b465ee728b)
Start importing Assets/sprites/milico.png using Guid(fad8ed27ee0686d46b9fb4e76a62888f) Importer(815301076,1909f56bfc062723c751e8b465ee728b)  -> (artifact id: '3a4020821e29a90ca1ddc9f5e83cf7eb') in 0.013309 seconds
Number of updated asset objects reloaded before import = 0
Number of asset objects unloaded after import = 2
========================================================================
Received Import Request.
  Time since last request: 0.000025 seconds.
  path: Assets/sprites/Sprite-0001.png
  artifactKey: Guid(21d033b7228750b4c9e7df0b75efc1b2) Importer(815301076,1909f56bfc062723c751e8b465ee728b)
Start importing Assets/sprites/Sprite-0001.png using Guid(21d033b7228750b4c9e7df0b75efc1b2) Importer(815301076,1909f56bfc062723c751e8b465ee728b)  -> (artifact id: '59e6af918c9b9ed1d6cbfaeb5c1033fa') in 0.017152 seconds
Number of updated asset objects reloaded before import = 0
Number of asset objects unloaded after import = 3
========================================================================
Received Import Request.
  Time since last request: 0.000028 seconds.
  path: Assets/sprites/manifestante2.png
  artifactKey: Guid(8cf5c06234c1a77428be008f73306156) Importer(815301076,1909f56bfc062723c751e8b465ee728b)
Start importing Assets/sprites/manifestante2.png using Guid(8cf5c06234c1a77428be008f73306156) Importer(815301076,1909f56bfc062723c751e8b465ee728b)  -> (artifact id: '382c31d64ba1afd926337d4ca00e2af6') in 0.012898 seconds
Number of updated asset objects reloaded before import = 0
Number of asset objects unloaded after import = 2
========================================================================
Received Import Request.
  Time since last request: 0.000035 seconds.
  path: Assets/sprites/manifestante3.png
  artifactKey: Guid(b39cdffc5dedc014fac3d3854d4a5f28) Importer(815301076,1909f56bfc062723c751e8b465ee728b)
Start importing Assets/sprites/manifestante3.png using Guid(b39cdffc5dedc014fac3d3854d4a5f28) Importer(815301076,1909f56bfc062723c751e8b465ee728b)  -> (artifact id: '69da317944faff44d0c28af6f462ca3c') in 0.012704 seconds
Number of updated asset objects reloaded before import = 0
Number of asset objects unloaded after import = 2
========================================================================
Received Import Request.
  Time since last request: 0.000019 seconds.
  path: Assets/sprites/milico2.png
  artifactKey: Guid(900732303f4429f48b5d4ae48c8a4192) Importer(815301076,1909f56bfc062723c751e8b465ee728b)
Start importing Assets/sprites/milico2.png using Guid(900732303f4429f48b5d4ae48c8a4192) Importer(815301076,1909f56bfc062723c751e8b465ee728b)  -> (artifact id: '0b884b2946eeaec6ef394e77d4c45de5') in 0.012941 seconds
Number of updated asset objects reloaded before import = 0
Number of asset objects unloaded after import = 2
========================================================================
Received Import Request.
  Time since last request: 0.000019 seconds.
  path: Assets/sprites/viejito2.png
  artifactKey: Guid(7c155f5bcd0bc8d47af0e31168e3ade7) Importer(815301076,1909f56bfc062723c751e8b465ee728b)
Start importing Assets/sprites/viejito2.png using Guid(7c155f5bcd0bc8d47af0e31168e3ade7) Importer(815301076,1909f56bfc062723c751e8b465ee728b)  -> (artifact id: 'e5e95c35905ab3eafe1d1e2aba375dc5') in 0.012846 seconds
Number of updated asset objects reloaded before import = 0
Number of asset objects unloaded after import = 2
========================================================================
Received Import Request.
  Time since last request: 19.097427 seconds.
  path: Assets/sprites/viejito2.png
  artifactKey: Guid(7c155f5bcd0bc8d47af0e31168e3ade7) Importer(815301076,1909f56bfc062723c751e8b465ee728b)
Start importing Assets/sprites/viejito2.png using Guid(7c155f5bcd0bc8d47af0e31168e3ade7) Importer(815301076,1909f56bfc062723c751e8b465ee728b)  -> (artifact id: '6ad25653dfd104f2e85ac1a0b50bee39') in 0.027470 seconds
Number of updated asset objects reloaded before import = 0
Number of asset objects unloaded after import = 3
========================================================================
Received Import Request.
  Time since last request: 4.771761 seconds.
  path: Assets/sprites/milico2.png
  artifactKey: Guid(900732303f4429f48b5d4ae48c8a4192) Importer(815301076,1909f56bfc062723c751e8b465ee728b)
Start importing Assets/sprites/milico2.png using Guid(900732303f4429f48b5d4ae48c8a4192) Importer(815301076,1909f56bfc062723c751e8b465ee728b)  -> (artifact id: '2bd9ecfd11f3d1ce9d03c8c84e9a3be1') in 0.027153 seconds
Number of updated asset objects reloaded before import = 0
Number of asset objects unloaded after import = 3
========================================================================
Received Import Request.
  Time since last request: 4.225146 seconds.
  path: Assets/sprites/milico.png
  artifactKey: Guid(fad8ed27ee0686d46b9fb4e76a62888f) Importer(815301076,1909f56bfc062723c751e8b465ee728b)
Start importing Assets/sprites/milico.png using Guid(fad8ed27ee0686d46b9fb4e76a62888f) Importer(815301076,1909f56bfc062723c751e8b465ee728b)  -> (artifact id: 'd1b4698c97c108f3cb741bdffc5b3926') in 0.027104 seconds
Number of updated asset objects reloaded before import = 0
Number of asset objects unloaded after import = 3
========================================================================
Received Import Request.
  Time since last request: 4.239330 seconds.
  path: Assets/sprites/manifestante3.png
  artifactKey: Guid(b39cdffc5dedc014fac3d3854d4a5f28) Importer(815301076,1909f56bfc062723c751e8b465ee728b)
Start importing Assets/sprites/manifestante3.png using Guid(b39cdffc5dedc014fac3d3854d4a5f28) Importer(815301076,1909f56bfc062723c751e8b465ee728b)  -> (artifact id: '9b061b7cee7e2c5c23e82e0b3751efbe') in 0.026359 seconds
Number of updated asset objects reloaded before import = 0
Number of asset objects unloaded after import = 3
========================================================================
Received Import Request.
  Time since last request: 3.897865 seconds.
  path: Assets/sprites/manifestante2.png
  artifactKey: Guid(8cf5c06234c1a77428be008f73306156) Importer(815301076,1909f56bfc062723c751e8b465ee728b)
Start importing Assets/sprites/manifestante2.png using Guid(8cf5c06234c1a77428be008f73306156) Importer(815301076,1909f56bfc062723c751e8b465ee728b)  -> (artifact id: '6787d28692b2331946c7bd17f67a8de3') in 0.030939 seconds
Number of updated asset objects reloaded before import = 0
Number of asset objects unloaded after import = 3
========================================================================
Received Import Request.
  Time since last request: 4.448651 seconds.
  path: Assets/sprites/manifestante.png
  artifactKey: Guid(cc86684d97af6b14cbd8fcf078cddcbb) Importer(815301076,1909f56bfc062723c751e8b465ee728b)
Start importing Assets/sprites/manifestante.png using Guid(cc86684d97af6b14cbd8fcf078cddcbb) Importer(815301076,1909f56bfc062723c751e8b465ee728b)  -> (artifact id: 'dd1cea243c0aef5ef1bb4d27ef3679cd') in 0.026639 seconds
Number of updated asset objects reloaded before import = 0
Number of asset objects unloaded after import = 3
========================================================================
Received Prepare
Begin MonoManager ReloadAssembly
- Loaded All Assemblies, in  0.586 seconds
Refreshing native plugins compatible for Editor in 3.18 ms, found 3 plugins.
Native extension for UWP target not found
Native extension for LinuxStandalone target not found
Native extension for WindowsStandalone target not found
Native extension for AppleTV target not found
Native extension for iOS target not found
Native extension for Android target not found
Native extension for OSXStandalone target not found
Native extension for WebGL target not found
Mono: successfully reloaded assembly
- Finished resetting the current domain, in  1.947 seconds
Domain Reload Profiling: 2530ms
	BeginReloadAssembly (196ms)
		ExecutionOrderSort (0ms)
		DisableScriptedObjects (12ms)
		BackupInstance (0ms)
		ReleaseScriptingObjects (0ms)
		CreateAndSetChildDomain (53ms)
	RebuildCommonClasses (39ms)
	RebuildNativeTypeToScriptingClass (14ms)
	initialDomainReloadingComplete (31ms)
	LoadAllAssembliesAndSetupDomain (303ms)
		LoadAssemblies (372ms)
		RebuildTransferFunctionScriptingTraits (0ms)
		AnalyzeDomain (24ms)
			TypeCache.Refresh (8ms)
				TypeCache.ScanAssembly (0ms)
			ScanForSourceGeneratedMonoScriptInfo (0ms)
			ResolveRequiredComponents (15ms)
	FinalizeReload (1947ms)
		ReleaseScriptCaches (0ms)
		RebuildScriptCaches (0ms)
		SetupLoadedEditorAssemblies (1125ms)
			LogAssemblyErrors (0ms)
			InitializePlatformSupportModulesInManaged (70ms)
			SetLoadedEditorAssemblies (5ms)
			RefreshPlugins (0ms)
			BeforeProcessingInitializeOnLoad (111ms)
			ProcessInitializeOnLoadAttributes (860ms)
			ProcessInitializeOnLoadMethodAttributes (71ms)
			AfterProcessingInitializeOnLoad (8ms)
			EditorAssembliesLoaded (0ms)
		ExecutionOrderSort2 (0ms)
		AwakeInstancesAfterBackupRestoration (16ms)
Shader Hidden/ProbeVolume/VoxelizeScene is not supported: GPU does not support conservative rasterization
Refreshing native plugins compatible for Editor in 4.49 ms, found 3 plugins.
Preloading 0 native plugins for Editor in 0.00 ms.
Unloading 5909 Unused Serialized files (Serialized files now loaded: 0)
Unloading 49 unused Assets / (432.3 KB). Loaded Objects now: 6669.
Memory consumption went from 204.0 MB to 203.6 MB.
Total: 6.143200 ms (FindLiveObjects: 0.511900 ms CreateObjectMapping: 0.770800 ms MarkObjects: 4.661600 ms  DeleteObjects: 0.197600 ms)

Prepare: number of updated asset objects reloaded= 0
AssetImportParameters requested are different than current active one (requested -> active):
  custom:container-demuxer-ogg: 62fdf1f143b41e24485cea50d1cbac27 -> 
  custom:video-decoder-ogg-theora: a1e56fd34408186e4bbccfd4996cb3dc -> 
  custom:framework-win-MediaFoundation: 216162199b28c13a410421893ffa2e32 -> 
  custom:CustomObjectIndexerAttribute: a3ef5dd2817f97addfee359851a9dba5 -> 
  custom:container-demuxer-webm: 4f35f7cbe854078d1ac9338744f61a02 -> 
  custom:container-muxer-webm: aa71ff27fc2769a1b78a27578f13a17b -> 
  custom:video-decoder-webm-vp8: 9c59270c3fd7afecdb556c50c9e8de78 -> 
  custom:SearchIndexIgnoredProperties: e643bd26f0fe6173181afceb89e7c659 -> 
  custom:AudioImporter_EditorPlatform: d09bf68614088b80899f8185d706f6e7 -> 
  custom:video-encoder-webm-vp8: eb34c28f22e8b96e1ab97ce403110664 -> 
  custom:audio-decoder-ogg-vorbis: bf7c407c2cedff20999df2af8eb42d56 -> 
  custom:audio-encoder-webm-vorbis: bf7c407c2cedff20999df2af8eb42d56 -> 
========================================================================
Received Import Request.
  Time since last request: 360.697045 seconds.
  path: Assets/scripts
  artifactKey: Guid(bc7d1a2eca162e0428b0069f3c051394) Importer(815301076,1909f56bfc062723c751e8b465ee728b)
Start importing Assets/scripts using Guid(bc7d1a2eca162e0428b0069f3c051394) Importer(815301076,1909f56bfc062723c751e8b465ee728b)  -> (artifact id: '18d23b7becc294024140ded0a7f76fa7') in 0.002011 seconds
Number of updated asset objects reloaded before import = 0
Number of asset objects unloaded after import = 0
========================================================================
Received Import Request.
  Time since last request: 1.496548 seconds.
  path: Assets/scripts/Comportamiento
  artifactKey: Guid(e79d485e8b696354687cc39044026c2f) Importer(815301076,1909f56bfc062723c751e8b465ee728b)
Start importing Assets/scripts/Comportamiento using Guid(e79d485e8b696354687cc39044026c2f) Importer(815301076,1909f56bfc062723c751e8b465ee728b)  -> (artifact id: '5c0cb66cdc5997cf775460332889f5bd') in 0.000547 seconds
Number of updated asset objects reloaded before import = 0
Number of asset objects unloaded after import = 0
========================================================================
Received Import Request.
  Time since last request: 10.908760 seconds.
  path: Assets/scripts/Comportamiento/SeleccionSprites.cs
  artifactKey: Guid(75d45599efaa38f448cd9f8e8b665f6e) Importer(815301076,1909f56bfc062723c751e8b465ee728b)
Start importing Assets/scripts/Comportamiento/SeleccionSprites.cs using Guid(75d45599efaa38f448cd9f8e8b665f6e) Importer(815301076,1909f56bfc062723c751e8b465ee728b)  -> (artifact id: '3dde73054170bfe7347f58845b0035b6') in 0.000648 seconds
Number of updated asset objects reloaded before import = 0
Number of asset objects unloaded after import = 0
========================================================================
Received Prepare
Begin MonoManager ReloadAssembly
- Loaded All Assemblies, in  0.938 seconds
Refreshing native plugins compatible for Editor in 3.76 ms, found 3 plugins.
Native extension for UWP target not found
Native extension for LinuxStandalone target not found
Native extension for WindowsStandalone target not found
Native extension for AppleTV target not found
Native extension for iOS target not found
Native extension for Android target not found
Native extension for OSXStandalone target not found
Native extension for WebGL target not found
Mono: successfully reloaded assembly
- Finished resetting the current domain, in  4.511 seconds
Domain Reload Profiling: 5447ms
	BeginReloadAssembly (427ms)
		ExecutionOrderSort (0ms)
		DisableScriptedObjects (10ms)
		BackupInstance (0ms)
		ReleaseScriptingObjects (0ms)
		CreateAndSetChildDomain (105ms)
	RebuildCommonClasses (45ms)
	RebuildNativeTypeToScriptingClass (15ms)
	initialDomainReloadingComplete (36ms)
	LoadAllAssembliesAndSetupDomain (412ms)
		LoadAssemblies (600ms)
		RebuildTransferFunctionScriptingTraits (0ms)
		AnalyzeDomain (72ms)
			TypeCache.Refresh (13ms)
				TypeCache.ScanAssembly (0ms)
			ScanForSourceGeneratedMonoScriptInfo (41ms)
			ResolveRequiredComponents (18ms)
	FinalizeReload (4512ms)
		ReleaseScriptCaches (0ms)
		RebuildScriptCaches (0ms)
		SetupLoadedEditorAssemblies (1875ms)
			LogAssemblyErrors (0ms)
			InitializePlatformSupportModulesInManaged (115ms)
			SetLoadedEditorAssemblies (6ms)
			RefreshPlugins (0ms)
			BeforeProcessingInitializeOnLoad (358ms)
			ProcessInitializeOnLoadAttributes (1316ms)
			ProcessInitializeOnLoadMethodAttributes (72ms)
			AfterProcessingInitializeOnLoad (7ms)
			EditorAssembliesLoaded (1ms)
		ExecutionOrderSort2 (0ms)
		AwakeInstancesAfterBackupRestoration (15ms)
Shader Hidden/ProbeVolume/VoxelizeScene is not supported: GPU does not support conservative rasterization
Refreshing native plugins compatible for Editor in 6.41 ms, found 3 plugins.
Preloading 0 native plugins for Editor in 0.00 ms.
Unloading 5910 Unused Serialized files (Serialized files now loaded: 0)
Unloading 49 unused Assets / (440.8 KB). Loaded Objects now: 6686.
Memory consumption went from 204.0 MB to 203.6 MB.
Total: 6.255100 ms (FindLiveObjects: 0.740900 ms CreateObjectMapping: 0.729400 ms MarkObjects: 4.571300 ms  DeleteObjects: 0.212100 ms)

Prepare: number of updated asset objects reloaded= 0
AssetImportParameters requested are different than current active one (requested -> active):
  custom:container-demuxer-ogg: 62fdf1f143b41e24485cea50d1cbac27 -> 
  custom:video-decoder-ogg-theora: a1e56fd34408186e4bbccfd4996cb3dc -> 
  custom:framework-win-MediaFoundation: 216162199b28c13a410421893ffa2e32 -> 
  custom:CustomObjectIndexerAttribute: a3ef5dd2817f97addfee359851a9dba5 -> 
  custom:container-demuxer-webm: 4f35f7cbe854078d1ac9338744f61a02 -> 
  custom:container-muxer-webm: aa71ff27fc2769a1b78a27578f13a17b -> 
  custom:video-decoder-webm-vp8: 9c59270c3fd7afecdb556c50c9e8de78 -> 
  custom:SearchIndexIgnoredProperties: e643bd26f0fe6173181afceb89e7c659 -> 
  custom:AudioImporter_EditorPlatform: d09bf68614088b80899f8185d706f6e7 -> 
  custom:video-encoder-webm-vp8: eb34c28f22e8b96e1ab97ce403110664 -> 
  custom:audio-decoder-ogg-vorbis: bf7c407c2cedff20999df2af8eb42d56 -> 
  custom:audio-encoder-webm-vorbis: bf7c407c2cedff20999df2af8eb42d56 -> 
========================================================================
Received Import Request.
  Time since last request: 24.319599 seconds.
  path: Assets/scripts/Comportamiento/SeleccionSprites.cs
  artifactKey: Guid(75d45599efaa38f448cd9f8e8b665f6e) Importer(815301076,1909f56bfc062723c751e8b465ee728b)
Start importing Assets/scripts/Comportamiento/SeleccionSprites.cs using Guid(75d45599efaa38f448cd9f8e8b665f6e) Importer(815301076,1909f56bfc062723c751e8b465ee728b)  -> (artifact id: '0bbbc635e4eb08dce85f50556aaf464c') in 0.002541 seconds
Number of updated asset objects reloaded before import = 0
Number of asset objects unloaded after import = 0
========================================================================
Received Import Request.
  Time since last request: 3.425958 seconds.
  path: Assets/scripts/Comportamiento/SeleccionSprites.cs
  artifactKey: Guid(75d45599efaa38f448cd9f8e8b665f6e) Importer(815301076,1909f56bfc062723c751e8b465ee728b)
Start importing Assets/scripts/Comportamiento/SeleccionSprites.cs using Guid(75d45599efaa38f448cd9f8e8b665f6e) Importer(815301076,1909f56bfc062723c751e8b465ee728b)  -> (artifact id: '1c1b5e97c6a75517c38f46ce09b5dbce') in 0.000569 seconds
Number of updated asset objects reloaded before import = 0
Number of asset objects unloaded after import = 0
========================================================================
Received Prepare
Begin MonoManager ReloadAssembly
- Loaded All Assemblies, in  0.920 seconds
Refreshing native plugins compatible for Editor in 5.04 ms, found 3 plugins.
Native extension for UWP target not found
Native extension for LinuxStandalone target not found
Native extension for WindowsStandalone target not found
Native extension for AppleTV target not found
Native extension for iOS target not found
Native extension for Android target not found
Native extension for OSXStandalone target not found
Native extension for WebGL target not found
Mono: successfully reloaded assembly
- Finished resetting the current domain, in  1.895 seconds
Domain Reload Profiling: 2814ms
	BeginReloadAssembly (222ms)
		ExecutionOrderSort (0ms)
		DisableScriptedObjects (8ms)
		BackupInstance (0ms)
		ReleaseScriptingObjects (0ms)
		CreateAndSetChildDomain (49ms)
	RebuildCommonClasses (41ms)
	RebuildNativeTypeToScriptingClass (15ms)
	initialDomainReloadingComplete (47ms)
	LoadAllAssembliesAndSetupDomain (594ms)
		LoadAssemblies (631ms)
		RebuildTransferFunctionScriptingTraits (0ms)
		AnalyzeDomain (79ms)
			TypeCache.Refresh (15ms)
				TypeCache.ScanAssembly (0ms)
			ScanForSourceGeneratedMonoScriptInfo (45ms)
			ResolveRequiredComponents (17ms)
	FinalizeReload (1895ms)
		ReleaseScriptCaches (0ms)
		RebuildScriptCaches (0ms)
		SetupLoadedEditorAssemblies (981ms)
			LogAssemblyErrors (0ms)
			InitializePlatformSupportModulesInManaged (69ms)
			SetLoadedEditorAssemblies (4ms)
			RefreshPlugins (0ms)
			BeforeProcessingInitializeOnLoad (101ms)
			ProcessInitializeOnLoadAttributes (734ms)
			ProcessInitializeOnLoadMethodAttributes (66ms)
			AfterProcessingInitializeOnLoad (7ms)
			EditorAssembliesLoaded (0ms)
		ExecutionOrderSort2 (0ms)
		AwakeInstancesAfterBackupRestoration (15ms)
Shader Hidden/ProbeVolume/VoxelizeScene is not supported: GPU does not support conservative rasterization
Refreshing native plugins compatible for Editor in 6.21 ms, found 3 plugins.
Preloading 0 native plugins for Editor in 0.00 ms.
Unloading 5910 Unused Serialized files (Serialized files now loaded: 0)
Unloading 49 unused Assets / (432.5 KB). Loaded Objects now: 6702.
Memory consumption went from 204.0 MB to 203.6 MB.
Total: 5.204700 ms (FindLiveObjects: 0.580700 ms CreateObjectMapping: 0.699700 ms MarkObjects: 3.730800 ms  DeleteObjects: 0.192300 ms)

Prepare: number of updated asset objects reloaded= 0
AssetImportParameters requested are different than current active one (requested -> active):
  custom:container-demuxer-ogg: 62fdf1f143b41e24485cea50d1cbac27 -> 
  custom:video-decoder-ogg-theora: a1e56fd34408186e4bbccfd4996cb3dc -> 
  custom:framework-win-MediaFoundation: 216162199b28c13a410421893ffa2e32 -> 
  custom:CustomObjectIndexerAttribute: a3ef5dd2817f97addfee359851a9dba5 -> 
  custom:container-demuxer-webm: 4f35f7cbe854078d1ac9338744f61a02 -> 
  custom:container-muxer-webm: aa71ff27fc2769a1b78a27578f13a17b -> 
  custom:video-decoder-webm-vp8: 9c59270c3fd7afecdb556c50c9e8de78 -> 
  custom:SearchIndexIgnoredProperties: e643bd26f0fe6173181afceb89e7c659 -> 
  custom:AudioImporter_EditorPlatform: d09bf68614088b80899f8185d706f6e7 -> 
  custom:video-encoder-webm-vp8: eb34c28f22e8b96e1ab97ce403110664 -> 
  custom:audio-decoder-ogg-vorbis: bf7c407c2cedff20999df2af8eb42d56 -> 
  custom:audio-encoder-webm-vorbis: bf7c407c2cedff20999df2af8eb42d56 -> 
========================================================================
Received Import Request.
  Time since last request: 10.259332 seconds.
  path: Assets/scripts/Comportamiento/SeleccionSprites.cs
  artifactKey: Guid(75d45599efaa38f448cd9f8e8b665f6e) Importer(815301076,1909f56bfc062723c751e8b465ee728b)
Start importing Assets/scripts/Comportamiento/SeleccionSprites.cs using Guid(75d45599efaa38f448cd9f8e8b665f6e) Importer(815301076,1909f56bfc062723c751e8b465ee728b)  -> (artifact id: 'ce86cc6127aa71e844d729ae7f0e8374') in 0.001741 seconds
Number of updated asset objects reloaded before import = 0
Number of asset objects unloaded after import = 0
========================================================================
Received Import Request.
  Time since last request: 1.083348 seconds.
  path: Assets/scripts/Comportamiento/SeleccionSprites.cs
  artifactKey: Guid(75d45599efaa38f448cd9f8e8b665f6e) Importer(815301076,1909f56bfc062723c751e8b465ee728b)
Start importing Assets/scripts/Comportamiento/SeleccionSprites.cs using Guid(75d45599efaa38f448cd9f8e8b665f6e) Importer(815301076,1909f56bfc062723c751e8b465ee728b)  -> (artifact id: '24f4c9c1ef762f140b791ab3ff792433') in 0.000526 seconds
Number of updated asset objects reloaded before import = 0
Number of asset objects unloaded after import = 0
========================================================================
Received Prepare
Begin MonoManager ReloadAssembly
- Loaded All Assemblies, in  0.632 seconds
Refreshing native plugins compatible for Editor in 3.62 ms, found 3 plugins.
Native extension for UWP target not found
Native extension for LinuxStandalone target not found
Native extension for WindowsStandalone target not found
Native extension for AppleTV target not found
Native extension for iOS target not found
Native extension for Android target not found
Native extension for OSXStandalone target not found
Native extension for WebGL target not found
Mono: successfully reloaded assembly
- Finished resetting the current domain, in  2.249 seconds
Domain Reload Profiling: 2879ms
	BeginReloadAssembly (195ms)
		ExecutionOrderSort (0ms)
		DisableScriptedObjects (5ms)
		BackupInstance (0ms)
		ReleaseScriptingObjects (0ms)
		CreateAndSetChildDomain (52ms)
	RebuildCommonClasses (39ms)
	RebuildNativeTypeToScriptingClass (13ms)
	initialDomainReloadingComplete (30ms)
	LoadAllAssembliesAndSetupDomain (352ms)
		LoadAssemblies (394ms)
		RebuildTransferFunctionScriptingTraits (0ms)
		AnalyzeDomain (59ms)
			TypeCache.Refresh (12ms)
				TypeCache.ScanAssembly (0ms)
			ScanForSourceGeneratedMonoScriptInfo (31ms)
			ResolveRequiredComponents (14ms)
	FinalizeReload (2249ms)
		ReleaseScriptCaches (0ms)
		RebuildScriptCaches (0ms)
		SetupLoadedEditorAssemblies (1021ms)
			LogAssemblyErrors (0ms)
			InitializePlatformSupportModulesInManaged (63ms)
			SetLoadedEditorAssemblies (4ms)
			RefreshPlugins (0ms)
			BeforeProcessingInitializeOnLoad (106ms)
			ProcessInitializeOnLoadAttributes (779ms)
			ProcessInitializeOnLoadMethodAttributes (62ms)
			AfterProcessingInitializeOnLoad (7ms)
			EditorAssembliesLoaded (0ms)
		ExecutionOrderSort2 (0ms)
		AwakeInstancesAfterBackupRestoration (14ms)
Shader Hidden/ProbeVolume/VoxelizeScene is not supported: GPU does not support conservative rasterization
Refreshing native plugins compatible for Editor in 4.82 ms, found 3 plugins.
Preloading 0 native plugins for Editor in 0.00 ms.
Unloading 5910 Unused Serialized files (Serialized files now loaded: 0)
Unloading 49 unused Assets / (432.7 KB). Loaded Objects now: 6718.
Memory consumption went from 204.0 MB to 203.6 MB.
Total: 5.618600 ms (FindLiveObjects: 0.529000 ms CreateObjectMapping: 0.566000 ms MarkObjects: 4.278600 ms  DeleteObjects: 0.243700 ms)

Prepare: number of updated asset objects reloaded= 0
AssetImportParameters requested are different than current active one (requested -> active):
  custom:container-demuxer-ogg: 62fdf1f143b41e24485cea50d1cbac27 -> 
  custom:video-decoder-ogg-theora: a1e56fd34408186e4bbccfd4996cb3dc -> 
  custom:framework-win-MediaFoundation: 216162199b28c13a410421893ffa2e32 -> 
  custom:CustomObjectIndexerAttribute: a3ef5dd2817f97addfee359851a9dba5 -> 
  custom:container-demuxer-webm: 4f35f7cbe854078d1ac9338744f61a02 -> 
  custom:container-muxer-webm: aa71ff27fc2769a1b78a27578f13a17b -> 
  custom:video-decoder-webm-vp8: 9c59270c3fd7afecdb556c50c9e8de78 -> 
  custom:SearchIndexIgnoredProperties: e643bd26f0fe6173181afceb89e7c659 -> 
  custom:AudioImporter_EditorPlatform: d09bf68614088b80899f8185d706f6e7 -> 
  custom:video-encoder-webm-vp8: eb34c28f22e8b96e1ab97ce403110664 -> 
  custom:audio-decoder-ogg-vorbis: bf7c407c2cedff20999df2af8eb42d56 -> 
  custom:audio-encoder-webm-vorbis: bf7c407c2cedff20999df2af8eb42d56 -> 
========================================================================
Received Import Request.
  Time since last request: 8.712620 seconds.
  path: Assets/scripts/Comportamiento/SeleccionSprites.cs
  artifactKey: Guid(75d45599efaa38f448cd9f8e8b665f6e) Importer(815301076,1909f56bfc062723c751e8b465ee728b)
Start importing Assets/scripts/Comportamiento/SeleccionSprites.cs using Guid(75d45599efaa38f448cd9f8e8b665f6e) Importer(815301076,1909f56bfc062723c751e8b465ee728b)  -> (artifact id: '34a26e412daa66dd02d26bfdf26ae889') in 0.002228 seconds
Number of updated asset objects reloaded before import = 0
Number of asset objects unloaded after import = 0
========================================================================
Received Prepare
Begin MonoManager ReloadAssembly
- Loaded All Assemblies, in  0.570 seconds
Refreshing native plugins compatible for Editor in 3.18 ms, found 3 plugins.
Native extension for UWP target not found
Native extension for LinuxStandalone target not found
Native extension for WindowsStandalone target not found
Native extension for AppleTV target not found
Native extension for iOS target not found
Native extension for Android target not found
Native extension for OSXStandalone target not found
Native extension for WebGL target not found
Mono: successfully reloaded assembly
- Finished resetting the current domain, in  1.832 seconds
Domain Reload Profiling: 2400ms
	BeginReloadAssembly (189ms)
		ExecutionOrderSort (0ms)
		DisableScriptedObjects (5ms)
		BackupInstance (0ms)
		ReleaseScriptingObjects (0ms)
		CreateAndSetChildDomain (51ms)
	RebuildCommonClasses (38ms)
	RebuildNativeTypeToScriptingClass (14ms)
	initialDomainReloadingComplete (31ms)
	LoadAllAssembliesAndSetupDomain (296ms)
		LoadAssemblies (365ms)
		RebuildTransferFunctionScriptingTraits (0ms)
		AnalyzeDomain (24ms)
			TypeCache.Refresh (8ms)
				TypeCache.ScanAssembly (0ms)
			ScanForSourceGeneratedMonoScriptInfo (0ms)
			ResolveRequiredComponents (15ms)
	FinalizeReload (1832ms)
		ReleaseScriptCaches (0ms)
		RebuildScriptCaches (0ms)
		SetupLoadedEditorAssemblies (1130ms)
			LogAssemblyErrors (0ms)
			InitializePlatformSupportModulesInManaged (57ms)
			SetLoadedEditorAssemblies (4ms)
			RefreshPlugins (0ms)
			BeforeProcessingInitializeOnLoad (103ms)
			ProcessInitializeOnLoadAttributes (884ms)
			ProcessInitializeOnLoadMethodAttributes (72ms)
			AfterProcessingInitializeOnLoad (9ms)
			EditorAssembliesLoaded (0ms)
		ExecutionOrderSort2 (0ms)
		AwakeInstancesAfterBackupRestoration (17ms)
Shader Hidden/ProbeVolume/VoxelizeScene is not supported: GPU does not support conservative rasterization
Refreshing native plugins compatible for Editor in 4.61 ms, found 3 plugins.
Preloading 0 native plugins for Editor in 0.00 ms.
Unloading 5910 Unused Serialized files (Serialized files now loaded: 0)
Unloading 49 unused Assets / (432.5 KB). Loaded Objects now: 6734.
Memory consumption went from 204.0 MB to 203.5 MB.
Total: 6.149900 ms (FindLiveObjects: 0.545000 ms CreateObjectMapping: 0.552500 ms MarkObjects: 4.840000 ms  DeleteObjects: 0.210800 ms)

Prepare: number of updated asset objects reloaded= 0
AssetImportParameters requested are different than current active one (requested -> active):
  custom:container-demuxer-ogg: 62fdf1f143b41e24485cea50d1cbac27 -> 
  custom:video-decoder-ogg-theora: a1e56fd34408186e4bbccfd4996cb3dc -> 
  custom:framework-win-MediaFoundation: 216162199b28c13a410421893ffa2e32 -> 
  custom:CustomObjectIndexerAttribute: a3ef5dd2817f97addfee359851a9dba5 -> 
  custom:container-demuxer-webm: 4f35f7cbe854078d1ac9338744f61a02 -> 
  custom:container-muxer-webm: aa71ff27fc2769a1b78a27578f13a17b -> 
  custom:video-decoder-webm-vp8: 9c59270c3fd7afecdb556c50c9e8de78 -> 
  custom:SearchIndexIgnoredProperties: e643bd26f0fe6173181afceb89e7c659 -> 
  custom:AudioImporter_EditorPlatform: d09bf68614088b80899f8185d706f6e7 -> 
  custom:video-encoder-webm-vp8: eb34c28f22e8b96e1ab97ce403110664 -> 
  custom:audio-decoder-ogg-vorbis: bf7c407c2cedff20999df2af8eb42d56 -> 
  custom:audio-encoder-webm-vorbis: bf7c407c2cedff20999df2af8eb42d56 -> 
========================================================================
Received Prepare
Begin MonoManager ReloadAssembly
- Loaded All Assemblies, in  0.541 seconds
Refreshing native plugins compatible for Editor in 3.63 ms, found 3 plugins.
Native extension for UWP target not found
Native extension for LinuxStandalone target not found
Native extension for WindowsStandalone target not found
Native extension for AppleTV target not found
Native extension for iOS target not found
Native extension for Android target not found
Native extension for OSXStandalone target not found
Native extension for WebGL target not found
Mono: successfully reloaded assembly
- Finished resetting the current domain, in  1.638 seconds
Domain Reload Profiling: 2177ms
	BeginReloadAssembly (182ms)
		ExecutionOrderSort (0ms)
		DisableScriptedObjects (5ms)
		BackupInstance (0ms)
		ReleaseScriptingObjects (0ms)
		CreateAndSetChildDomain (51ms)
	RebuildCommonClasses (37ms)
	RebuildNativeTypeToScriptingClass (13ms)
	initialDomainReloadingComplete (31ms)
	LoadAllAssembliesAndSetupDomain (275ms)
		LoadAssemblies (340ms)
		RebuildTransferFunctionScriptingTraits (0ms)
		AnalyzeDomain (24ms)
			TypeCache.Refresh (8ms)
				TypeCache.ScanAssembly (0ms)
			ScanForSourceGeneratedMonoScriptInfo (0ms)
			ResolveRequiredComponents (15ms)
	FinalizeReload (1638ms)
		ReleaseScriptCaches (0ms)
		RebuildScriptCaches (0ms)
		SetupLoadedEditorAssemblies (952ms)
			LogAssemblyErrors (0ms)
			InitializePlatformSupportModulesInManaged (55ms)
			SetLoadedEditorAssemblies (4ms)
			RefreshPlugins (0ms)
			BeforeProcessingInitializeOnLoad (93ms)
			ProcessInitializeOnLoadAttributes (726ms)
			ProcessInitializeOnLoadMethodAttributes (67ms)
			AfterProcessingInitializeOnLoad (7ms)
			EditorAssembliesLoaded (0ms)
		ExecutionOrderSort2 (0ms)
		AwakeInstancesAfterBackupRestoration (15ms)
Shader Hidden/ProbeVolume/VoxelizeScene is not supported: GPU does not support conservative rasterization
Refreshing native plugins compatible for Editor in 3.94 ms, found 3 plugins.
Preloading 0 native plugins for Editor in 0.00 ms.
Unloading 5910 Unused Serialized files (Serialized files now loaded: 0)
Unloading 49 unused Assets / (448.3 KB). Loaded Objects now: 6750.
Memory consumption went from 204.1 MB to 203.6 MB.
Total: 6.056500 ms (FindLiveObjects: 0.693100 ms CreateObjectMapping: 0.624600 ms MarkObjects: 4.254700 ms  DeleteObjects: 0.483200 ms)

Prepare: number of updated asset objects reloaded= 0
AssetImportParameters requested are different than current active one (requested -> active):
  custom:container-demuxer-ogg: 62fdf1f143b41e24485cea50d1cbac27 -> 
  custom:video-decoder-ogg-theora: a1e56fd34408186e4bbccfd4996cb3dc -> 
  custom:framework-win-MediaFoundation: 216162199b28c13a410421893ffa2e32 -> 
  custom:CustomObjectIndexerAttribute: a3ef5dd2817f97addfee359851a9dba5 -> 
  custom:container-demuxer-webm: 4f35f7cbe854078d1ac9338744f61a02 -> 
  custom:container-muxer-webm: aa71ff27fc2769a1b78a27578f13a17b -> 
  custom:video-decoder-webm-vp8: 9c59270c3fd7afecdb556c50c9e8de78 -> 
  custom:SearchIndexIgnoredProperties: e643bd26f0fe6173181afceb89e7c659 -> 
  custom:AudioImporter_EditorPlatform: d09bf68614088b80899f8185d706f6e7 -> 
  custom:video-encoder-webm-vp8: eb34c28f22e8b96e1ab97ce403110664 -> 
  custom:audio-decoder-ogg-vorbis: bf7c407c2cedff20999df2af8eb42d56 -> 
  custom:audio-encoder-webm-vorbis: bf7c407c2cedff20999df2af8eb42d56 -> 
========================================================================
Received Prepare
Begin MonoManager ReloadAssembly
- Loaded All Assemblies, in  0.545 seconds
Refreshing native plugins compatible for Editor in 3.05 ms, found 3 plugins.
Native extension for UWP target not found
Native extension for LinuxStandalone target not found
Native extension for WindowsStandalone target not found
Native extension for AppleTV target not found
Native extension for iOS target not found
Native extension for Android target not found
Native extension for OSXStandalone target not found
Native extension for WebGL target not found
Mono: successfully reloaded assembly
- Finished resetting the current domain, in  1.768 seconds
Domain Reload Profiling: 2311ms
	BeginReloadAssembly (184ms)
		ExecutionOrderSort (0ms)
		DisableScriptedObjects (5ms)
		BackupInstance (0ms)
		ReleaseScriptingObjects (0ms)
		CreateAndSetChildDomain (52ms)
	RebuildCommonClasses (37ms)
	RebuildNativeTypeToScriptingClass (13ms)
	initialDomainReloadingComplete (31ms)
	LoadAllAssembliesAndSetupDomain (277ms)
		LoadAssemblies (342ms)
		RebuildTransferFunctionScriptingTraits (0ms)
		AnalyzeDomain (25ms)
			TypeCache.Refresh (8ms)
				TypeCache.ScanAssembly (0ms)
			ScanForSourceGeneratedMonoScriptInfo (0ms)
			ResolveRequiredComponents (15ms)
	FinalizeReload (1769ms)
		ReleaseScriptCaches (0ms)
		RebuildScriptCaches (0ms)
		SetupLoadedEditorAssemblies (1046ms)
			LogAssemblyErrors (0ms)
			InitializePlatformSupportModulesInManaged (56ms)
			SetLoadedEditorAssemblies (4ms)
			RefreshPlugins (0ms)
			BeforeProcessingInitializeOnLoad (94ms)
			ProcessInitializeOnLoadAttributes (812ms)
			ProcessInitializeOnLoadMethodAttributes (72ms)
			AfterProcessingInitializeOnLoad (8ms)
			EditorAssembliesLoaded (0ms)
		ExecutionOrderSort2 (0ms)
		AwakeInstancesAfterBackupRestoration (16ms)
Shader Hidden/ProbeVolume/VoxelizeScene is not supported: GPU does not support conservative rasterization
Refreshing native plugins compatible for Editor in 4.72 ms, found 3 plugins.
Preloading 0 native plugins for Editor in 0.00 ms.
Unloading 5910 Unused Serialized files (Serialized files now loaded: 0)
Unloading 49 unused Assets / (432.5 KB). Loaded Objects now: 6766.
Memory consumption went from 204.1 MB to 203.6 MB.
Total: 5.907700 ms (FindLiveObjects: 0.529400 ms CreateObjectMapping: 0.651900 ms MarkObjects: 4.526500 ms  DeleteObjects: 0.199100 ms)

Prepare: number of updated asset objects reloaded= 0
AssetImportParameters requested are different than current active one (requested -> active):
  custom:container-demuxer-ogg: 62fdf1f143b41e24485cea50d1cbac27 -> 
  custom:video-decoder-ogg-theora: a1e56fd34408186e4bbccfd4996cb3dc -> 
  custom:framework-win-MediaFoundation: 216162199b28c13a410421893ffa2e32 -> 
  custom:CustomObjectIndexerAttribute: a3ef5dd2817f97addfee359851a9dba5 -> 
  custom:container-demuxer-webm: 4f35f7cbe854078d1ac9338744f61a02 -> 
  custom:container-muxer-webm: aa71ff27fc2769a1b78a27578f13a17b -> 
  custom:video-decoder-webm-vp8: 9c59270c3fd7afecdb556c50c9e8de78 -> 
  custom:SearchIndexIgnoredProperties: e643bd26f0fe6173181afceb89e7c659 -> 
  custom:AudioImporter_EditorPlatform: d09bf68614088b80899f8185d706f6e7 -> 
  custom:video-encoder-webm-vp8: eb34c28f22e8b96e1ab97ce403110664 -> 
  custom:audio-decoder-ogg-vorbis: bf7c407c2cedff20999df2af8eb42d56 -> 
  custom:audio-encoder-webm-vorbis: bf7c407c2cedff20999df2af8eb42d56 -> 
========================================================================
Received Prepare
Begin MonoManager ReloadAssembly
- Loaded All Assemblies, in  0.556 seconds
Refreshing native plugins compatible for Editor in 3.23 ms, found 3 plugins.
Native extension for UWP target not found
Native extension for LinuxStandalone target not found
Native extension for WindowsStandalone target not found
Native extension for AppleTV target not found
Native extension for iOS target not found
Native extension for Android target not found
Native extension for OSXStandalone target not found
Native extension for WebGL target not found
Mono: successfully reloaded assembly
- Finished resetting the current domain, in  1.768 seconds
Domain Reload Profiling: 2322ms
	BeginReloadAssembly (187ms)
		ExecutionOrderSort (0ms)
		DisableScriptedObjects (5ms)
		BackupInstance (0ms)
		ReleaseScriptingObjects (0ms)
		CreateAndSetChildDomain (52ms)
	RebuildCommonClasses (38ms)
	RebuildNativeTypeToScriptingClass (13ms)
	initialDomainReloadingComplete (31ms)
	LoadAllAssembliesAndSetupDomain (284ms)
		LoadAssemblies (353ms)
		RebuildTransferFunctionScriptingTraits (0ms)
		AnalyzeDomain (24ms)
			TypeCache.Refresh (8ms)
				TypeCache.ScanAssembly (0ms)
			ScanForSourceGeneratedMonoScriptInfo (0ms)
			ResolveRequiredComponents (15ms)
	FinalizeReload (1769ms)
		ReleaseScriptCaches (0ms)
		RebuildScriptCaches (0ms)
		SetupLoadedEditorAssemblies (1057ms)
			LogAssemblyErrors (0ms)
			InitializePlatformSupportModulesInManaged (54ms)
			SetLoadedEditorAssemblies (4ms)
			RefreshPlugins (0ms)
			BeforeProcessingInitializeOnLoad (98ms)
			ProcessInitializeOnLoadAttributes (821ms)
			ProcessInitializeOnLoadMethodAttributes (72ms)
			AfterProcessingInitializeOnLoad (8ms)
			EditorAssembliesLoaded (0ms)
		ExecutionOrderSort2 (0ms)
		AwakeInstancesAfterBackupRestoration (17ms)
Shader Hidden/ProbeVolume/VoxelizeScene is not supported: GPU does not support conservative rasterization
Refreshing native plugins compatible for Editor in 4.28 ms, found 3 plugins.
Preloading 0 native plugins for Editor in 0.00 ms.
Unloading 5910 Unused Serialized files (Serialized files now loaded: 0)
Unloading 49 unused Assets / (432.7 KB). Loaded Objects now: 6782.
Memory consumption went from 204.1 MB to 203.6 MB.
Total: 5.695700 ms (FindLiveObjects: 0.575400 ms CreateObjectMapping: 0.622500 ms MarkObjects: 4.233200 ms  DeleteObjects: 0.263600 ms)

Prepare: number of updated asset objects reloaded= 0
AssetImportParameters requested are different than current active one (requested -> active):
  custom:container-demuxer-ogg: 62fdf1f143b41e24485cea50d1cbac27 -> 
  custom:video-decoder-ogg-theora: a1e56fd34408186e4bbccfd4996cb3dc -> 
  custom:framework-win-MediaFoundation: 216162199b28c13a410421893ffa2e32 -> 
  custom:CustomObjectIndexerAttribute: a3ef5dd2817f97addfee359851a9dba5 -> 
  custom:container-demuxer-webm: 4f35f7cbe854078d1ac9338744f61a02 -> 
  custom:container-muxer-webm: aa71ff27fc2769a1b78a27578f13a17b -> 
  custom:video-decoder-webm-vp8: 9c59270c3fd7afecdb556c50c9e8de78 -> 
  custom:SearchIndexIgnoredProperties: e643bd26f0fe6173181afceb89e7c659 -> 
  custom:AudioImporter_EditorPlatform: d09bf68614088b80899f8185d706f6e7 -> 
  custom:video-encoder-webm-vp8: eb34c28f22e8b96e1ab97ce403110664 -> 
  custom:audio-decoder-ogg-vorbis: bf7c407c2cedff20999df2af8eb42d56 -> 
  custom:audio-encoder-webm-vorbis: bf7c407c2cedff20999df2af8eb42d56 -> 
========================================================================
Received Import Request.
  Time since last request: 1834.850456 seconds.
  path: Assets/Modelos/Rejas.fbx
  artifactKey: Guid(e7dc9962321206a428a2d44a55f67c76) Importer(815301076,1909f56bfc062723c751e8b465ee728b)
Start importing Assets/Modelos/Rejas.fbx using Guid(e7dc9962321206a428a2d44a55f67c76) Importer(815301076,1909f56bfc062723c751e8b465ee728b)  -> (artifact id: 'c37a48ffd91f45ce9b4469645447f774') in 0.350330 seconds
Number of updated asset objects reloaded before import = 0
Number of asset objects unloaded after import = 27
========================================================================
Received Import Request.
  Time since last request: 700.588765 seconds.
  path: Assets/materiales
  artifactKey: Guid(3b6d5143c23899d4cbbaa75e4535a6b7) Importer(815301076,1909f56bfc062723c751e8b465ee728b)
Start importing Assets/materiales using Guid(3b6d5143c23899d4cbbaa75e4535a6b7) Importer(815301076,1909f56bfc062723c751e8b465ee728b)  -> (artifact id: '2d6e2129e99c2970afab1273975fc710') in 0.000844 seconds
Number of updated asset objects reloaded before import = 0
Number of asset objects unloaded after import = 0
========================================================================
Received Import Request.
  Time since last request: 0.053102 seconds.
  path: Assets/materiales/display.mat
  artifactKey: Guid(ec08aa86f89f8844c90cd539e245cac6) Importer(815301076,1909f56bfc062723c751e8b465ee728b)
Start importing Assets/materiales/display.mat using Guid(ec08aa86f89f8844c90cd539e245cac6) Importer(815301076,1909f56bfc062723c751e8b465ee728b)  -> (artifact id: '200a3cb0141b58b0364acc00109c9a05') in 0.025016 seconds
Number of updated asset objects reloaded before import = 0
Number of asset objects unloaded after import = 2
========================================================================
Received Import Request.
  Time since last request: 0.000020 seconds.
  path: Assets/materiales/milicos.mat
  artifactKey: Guid(f43818897d0a1174d8f4405f4d9f887b) Importer(815301076,1909f56bfc062723c751e8b465ee728b)
Start importing Assets/materiales/milicos.mat using Guid(f43818897d0a1174d8f4405f4d9f887b) Importer(815301076,1909f56bfc062723c751e8b465ee728b)  -> (artifact id: '70d26f303b2154f780b6f876402d0374') in 0.635371 seconds
Number of updated asset objects reloaded before import = 0
Number of asset objects unloaded after import = 3
========================================================================
Received Import Request.
  Time since last request: 0.000022 seconds.
  path: Assets/materiales/Manifestante.mat
  artifactKey: Guid(69d0b8cc47008c74fa8d4215921bbe4b) Importer(815301076,1909f56bfc062723c751e8b465ee728b)
Start importing Assets/materiales/Manifestante.mat using Guid(69d0b8cc47008c74fa8d4215921bbe4b) Importer(815301076,1909f56bfc062723c751e8b465ee728b)  -> (artifact id: '835e1bd8700c0f110aabeda4cb9fecb8') in 0.020567 seconds
Number of updated asset objects reloaded before import = 0
Number of asset objects unloaded after import = 2
========================================================================
Received Import Request.
  Time since last request: 0.000031 seconds.
  path: Assets/materiales/suelo.mat
  artifactKey: Guid(2593624350bfebf4f99cff40d521873c) Importer(815301076,1909f56bfc062723c751e8b465ee728b)
Start importing Assets/materiales/suelo.mat using Guid(2593624350bfebf4f99cff40d521873c) Importer(815301076,1909f56bfc062723c751e8b465ee728b)  -> (artifact id: '9ee61f2d826f1d0cb8678a1233b25283') in 0.020387 seconds
Number of updated asset objects reloaded before import = 0
Number of asset objects unloaded after import = 2
========================================================================
Received Import Request.
  Time since last request: 3.510872 seconds.
  path: Assets/materiales/suelo 1.mat
  artifactKey: Guid(cd752ca07852f374ebbb37cc82dd1fe1) Importer(815301076,1909f56bfc062723c751e8b465ee728b)
Start importing Assets/materiales/suelo 1.mat using Guid(cd752ca07852f374ebbb37cc82dd1fe1) Importer(815301076,1909f56bfc062723c751e8b465ee728b)  -> (artifact id: 'f64f15e9155052a476c6a92e6dfe19b4') in 0.021776 seconds
Number of updated asset objects reloaded before import = 0
Number of asset objects unloaded after import = 2
========================================================================
Received Import Request.
  Time since last request: 6.644268 seconds.
  path: Assets/materiales/rejas.mat
  artifactKey: Guid(cd752ca07852f374ebbb37cc82dd1fe1) Importer(815301076,1909f56bfc062723c751e8b465ee728b)
Start importing Assets/materiales/rejas.mat using Guid(cd752ca07852f374ebbb37cc82dd1fe1) Importer(815301076,1909f56bfc062723c751e8b465ee728b)  -> (artifact id: '7df28a6630f1a68242f9dc2af27acfb0') in 0.021777 seconds
Number of updated asset objects reloaded before import = 0
Number of asset objects unloaded after import = 2
========================================================================
Received Import Request.
  Time since last request: 72.403146 seconds.
  path: Assets/materiales/rejas.mat
  artifactKey: Guid(cd752ca07852f374ebbb37cc82dd1fe1) Importer(815301076,1909f56bfc062723c751e8b465ee728b)
Start importing Assets/materiales/rejas.mat using Guid(cd752ca07852f374ebbb37cc82dd1fe1) Importer(815301076,1909f56bfc062723c751e8b465ee728b)  -> (artifact id: '5b3405dbbe5e6f6dcba2ae81d2967e74') in 0.022160 seconds
Number of updated asset objects reloaded before import = 0
Number of asset objects unloaded after import = 2
========================================================================
Received Import Request.
  Time since last request: 5.186509 seconds.
  path: Assets/materiales/rejas 1.mat
  artifactKey: Guid(5887540c6b349414faa0b9cb2e69b6ce) Importer(815301076,1909f56bfc062723c751e8b465ee728b)
Start importing Assets/materiales/rejas 1.mat using Guid(5887540c6b349414faa0b9cb2e69b6ce) Importer(815301076,1909f56bfc062723c751e8b465ee728b)  -> (artifact id: 'da9506116c826fe0d87a25cf1949bd82') in 0.009825 seconds
Number of updated asset objects reloaded before import = 0
Number of asset objects unloaded after import = 2
========================================================================
Received Import Request.
  Time since last request: 4.490966 seconds.
  path: Assets/materiales/plaza.mat
  artifactKey: Guid(5887540c6b349414faa0b9cb2e69b6ce) Importer(815301076,1909f56bfc062723c751e8b465ee728b)
Start importing Assets/materiales/plaza.mat using Guid(5887540c6b349414faa0b9cb2e69b6ce) Importer(815301076,1909f56bfc062723c751e8b465ee728b)  -> (artifact id: 'e5b9ceda1677fe63c0f30b4682a20989') in 0.010760 seconds
Number of updated asset objects reloaded before import = 0
Number of asset objects unloaded after import = 2
========================================================================
Received Import Request.
  Time since last request: 106.608469 seconds.
  path: Assets/materiales/plaza.mat
  artifactKey: Guid(5887540c6b349414faa0b9cb2e69b6ce) Importer(815301076,1909f56bfc062723c751e8b465ee728b)
Start importing Assets/materiales/plaza.mat using Guid(5887540c6b349414faa0b9cb2e69b6ce) Importer(815301076,1909f56bfc062723c751e8b465ee728b)  -> (artifact id: 'a05efa6b4a7bd84e8555c97c1ebc225a') in 0.024547 seconds
Number of updated asset objects reloaded before import = 0
Number of asset objects unloaded after import = 2
========================================================================
Received Import Request.
  Time since last request: 0.000020 seconds.
  path: Assets/materiales/plaza 1.mat
  artifactKey: Guid(8482ca3cc24b2bd4ba37106a51191813) Importer(815301076,1909f56bfc062723c751e8b465ee728b)
Start importing Assets/materiales/plaza 1.mat using Guid(8482ca3cc24b2bd4ba37106a51191813) Importer(815301076,1909f56bfc062723c751e8b465ee728b)  -> (artifact id: '921bb075401b87a5a52e68d002c1b254') in 0.022779 seconds
Number of updated asset objects reloaded before import = 0
Number of asset objects unloaded after import = 2
========================================================================
Received Import Request.
  Time since last request: 4.669609 seconds.
  path: Assets/materiales/congreso.mat
  artifactKey: Guid(8482ca3cc24b2bd4ba37106a51191813) Importer(815301076,1909f56bfc062723c751e8b465ee728b)
Start importing Assets/materiales/congreso.mat using Guid(8482ca3cc24b2bd4ba37106a51191813) Importer(815301076,1909f56bfc062723c751e8b465ee728b)  -> (artifact id: 'a5731683a44dd12cfe6f822c51add96c') in 0.021167 seconds
Number of updated asset objects reloaded before import = 0
Number of asset objects unloaded after import = 2
========================================================================
Received Import Request.
  Time since last request: 205.779584 seconds.
  path: Assets/materiales/congreso.mat
  artifactKey: Guid(8482ca3cc24b2bd4ba37106a51191813) Importer(815301076,1909f56bfc062723c751e8b465ee728b)
Start importing Assets/materiales/congreso.mat using Guid(8482ca3cc24b2bd4ba37106a51191813) Importer(815301076,1909f56bfc062723c751e8b465ee728b)  -> (artifact id: '07e286f6b3dbfc10c257f4b7ea065803') in 0.022874 seconds
Number of updated asset objects reloaded before import = 0
Number of asset objects unloaded after import = 2
========================================================================
Received Import Request.
  Time since last request: 0.000023 seconds.
  path: Assets/materiales/plaza.mat
  artifactKey: Guid(5887540c6b349414faa0b9cb2e69b6ce) Importer(815301076,1909f56bfc062723c751e8b465ee728b)
Start importing Assets/materiales/plaza.mat using Guid(5887540c6b349414faa0b9cb2e69b6ce) Importer(815301076,1909f56bfc062723c751e8b465ee728b)  -> (artifact id: '8e3c8b57e0b53a6b7f390ea09950e561') in 0.020967 seconds
Number of updated asset objects reloaded before import = 0
Number of asset objects unloaded after import = 2
========================================================================
Received Import Request.
  Time since last request: 72.373362 seconds.
  path: Assets/Skybox1.mat
  artifactKey: Guid(15e06afadb45b7f4fbeebe6417a7ca20) Importer(815301076,1909f56bfc062723c751e8b465ee728b)
Start importing Assets/Skybox1.mat using Guid(15e06afadb45b7f4fbeebe6417a7ca20) Importer(815301076,1909f56bfc062723c751e8b465ee728b)  -> (artifact id: '112246207a1c8c15fbca97187757da31') in 0.024764 seconds
Number of updated asset objects reloaded before import = 0
Number of asset objects unloaded after import = 2
========================================================================
Received Import Request.
  Time since last request: 8.676327 seconds.
  path: Assets/Skybox.mat
  artifactKey: Guid(9b5077ff2ed2ffd42a74bd38b88b579e) Importer(815301076,1909f56bfc062723c751e8b465ee728b)
Start importing Assets/Skybox.mat using Guid(9b5077ff2ed2ffd42a74bd38b88b579e) Importer(815301076,1909f56bfc062723c751e8b465ee728b)  -> (artifact id: '46773071f539e6099490ea3e762c6fac') in 0.121842 seconds
Number of updated asset objects reloaded before import = 0
Number of asset objects unloaded after import = 2
========================================================================
Received Import Request.
  Time since last request: 812.767252 seconds.
  path: Assets
  artifactKey: Guid(00000000000000001000000000000000) Importer(815301076,1909f56bfc062723c751e8b465ee728b)
Start importing Assets using Guid(00000000000000001000000000000000) Importer(815301076,1909f56bfc062723c751e8b465ee728b)  -> (artifact id: '8a4fe85251aa2e89732c359432baa2c3') in 0.000806 seconds
Number of updated asset objects reloaded before import = 0
Number of asset objects unloaded after import = 0
========================================================================
Received Import Request.
  Time since last request: 65.811839 seconds.
  path: Assets/SkySeries Freebie
  artifactKey: Guid(3cb3b6bbc9bfe864881f7e56c5281ea1) Importer(815301076,1909f56bfc062723c751e8b465ee728b)
Start importing Assets/SkySeries Freebie using Guid(3cb3b6bbc9bfe864881f7e56c5281ea1) Importer(815301076,1909f56bfc062723c751e8b465ee728b)  -> (artifact id: '8686861053133122a93563992500b109') in 0.000518 seconds
Number of updated asset objects reloaded before import = 0
Number of asset objects unloaded after import = 0
========================================================================
Received Import Request.
  Time since last request: 5.724305 seconds.
  path: Assets/Skybox
  artifactKey: Guid(61d60735d5b85764cbf9efb9c249c3b4) Importer(815301076,1909f56bfc062723c751e8b465ee728b)
Start importing Assets/Skybox using Guid(61d60735d5b85764cbf9efb9c249c3b4) Importer(815301076,1909f56bfc062723c751e8b465ee728b)  -> (artifact id: 'd3f5c1c63f9ed18987eb6b6795466ba4') in 0.000531 seconds
Number of updated asset objects reloaded before import = 0
Number of asset objects unloaded after import = 0
========================================================================
Received Import Request.
  Time since last request: 0.080166 seconds.
  path: Assets/Skybox/CasualDay.mat
  artifactKey: Guid(85cf0b004bc4a654b9e501efcce47902) Importer(815301076,1909f56bfc062723c751e8b465ee728b)
Start importing Assets/Skybox/CasualDay.mat using Guid(85cf0b004bc4a654b9e501efcce47902) Importer(815301076,1909f56bfc062723c751e8b465ee728b)  -> (artifact id: '1ab7eb2de556c24809d4d0c6c1b895be') in 0.127782 seconds
Number of updated asset objects reloaded before import = 0
Number of asset objects unloaded after import = 3
========================================================================
Received Import Request.
  Time since last request: 1.514081 seconds.
  path: Assets/Skybox/FreebieHdri
  artifactKey: Guid(d78fe5a22bec38d43bbe7e846ac3925a) Importer(815301076,1909f56bfc062723c751e8b465ee728b)
Start importing Assets/Skybox/FreebieHdri using Guid(d78fe5a22bec38d43bbe7e846ac3925a) Importer(815301076,1909f56bfc062723c751e8b465ee728b)  -> (artifact id: 'b73c9420183901d71f814914a8b4b472') in 0.000544 seconds
Number of updated asset objects reloaded before import = 0
Number of asset objects unloaded after import = 0
========================================================================
Received Import Request.
  Time since last request: 2.085957 seconds.
  path: Assets/Skybox/FreebieHdri/CasualDay4K.hdr
  artifactKey: Guid(1153dc89e66880c4eb7adc16ba588855) Importer(815301076,1909f56bfc062723c751e8b465ee728b)
Start importing Assets/Skybox/FreebieHdri/CasualDay4K.hdr using Guid(1153dc89e66880c4eb7adc16ba588855) Importer(815301076,1909f56bfc062723c751e8b465ee728b)  -> (artifact id: '6bc8caf3212798038d0d612757159cca') in 0.079279 seconds
Number of updated asset objects reloaded before import = 0
Number of asset objects unloaded after import = 2
========================================================================
Received Import Request.
  Time since last request: 7.537074 seconds.
  path: Assets/Skybox/CasualDay.mat
  artifactKey: Guid(85cf0b004bc4a654b9e501efcce47902) Importer(815301076,1909f56bfc062723c751e8b465ee728b)
Start importing Assets/Skybox/CasualDay.mat using Guid(85cf0b004bc4a654b9e501efcce47902) Importer(815301076,1909f56bfc062723c751e8b465ee728b)  -> (artifact id: '016118ef533777083245acba51e47dbe') in 0.019597 seconds
Number of updated asset objects reloaded before import = 0
Number of asset objects unloaded after import = 2
========================================================================
Received Import Request.
  Time since last request: 23.074203 seconds.
  path: Assets/Skybox/FreebieHdri
  artifactKey: Guid(d78fe5a22bec38d43bbe7e846ac3925a) Importer(815301076,1909f56bfc062723c751e8b465ee728b)
Start importing Assets/Skybox/FreebieHdri using Guid(d78fe5a22bec38d43bbe7e846ac3925a) Importer(815301076,1909f56bfc062723c751e8b465ee728b)  -> (artifact id: 'f95f38214526179ecd7281b76470b531') in 0.000572 seconds
Number of updated asset objects reloaded before import = 0
Number of asset objects unloaded after import = 0
========================================================================
Received Import Request.
  Time since last request: 208.562835 seconds.
  path: Assets/Skybox/CasualDay.mat
  artifactKey: Guid(85cf0b004bc4a654b9e501efcce47902) Importer(815301076,1909f56bfc062723c751e8b465ee728b)
Start importing Assets/Skybox/CasualDay.mat using Guid(85cf0b004bc4a654b9e501efcce47902) Importer(815301076,1909f56bfc062723c751e8b465ee728b)  -> (artifact id: '81f304bc4d3b547cb4c865978d40a1d4') in 0.058525 seconds
Number of updated asset objects reloaded before import = 0
Number of asset objects unloaded after import = 3
========================================================================
Received Prepare
Begin MonoManager ReloadAssembly
- Loaded All Assemblies, in  0.644 seconds
Refreshing native plugins compatible for Editor in 3.01 ms, found 3 plugins.
Native extension for UWP target not found
Native extension for LinuxStandalone target not found
Native extension for WindowsStandalone target not found
Native extension for AppleTV target not found
Native extension for iOS target not found
Native extension for Android target not found
Native extension for OSXStandalone target not found
Native extension for WebGL target not found
Mono: successfully reloaded assembly
- Finished resetting the current domain, in  1.958 seconds
Domain Reload Profiling: 2601ms
	BeginReloadAssembly (215ms)
		ExecutionOrderSort (0ms)
		DisableScriptedObjects (12ms)
		BackupInstance (0ms)
		ReleaseScriptingObjects (0ms)
		CreateAndSetChildDomain (69ms)
	RebuildCommonClasses (39ms)
	RebuildNativeTypeToScriptingClass (13ms)
	initialDomainReloadingComplete (36ms)
	LoadAllAssembliesAndSetupDomain (338ms)
		LoadAssemblies (409ms)
		RebuildTransferFunctionScriptingTraits (0ms)
		AnalyzeDomain (25ms)
			TypeCache.Refresh (8ms)
				TypeCache.ScanAssembly (0ms)
			ScanForSourceGeneratedMonoScriptInfo (0ms)
			ResolveRequiredComponents (15ms)
	FinalizeReload (1959ms)
		ReleaseScriptCaches (0ms)
		RebuildScriptCaches (0ms)
		SetupLoadedEditorAssemblies (1100ms)
			LogAssemblyErrors (0ms)
			InitializePlatformSupportModulesInManaged (68ms)
			SetLoadedEditorAssemblies (5ms)
			RefreshPlugins (0ms)
			BeforeProcessingInitializeOnLoad (116ms)
			ProcessInitializeOnLoadAttributes (832ms)
			ProcessInitializeOnLoadMethodAttributes (69ms)
			AfterProcessingInitializeOnLoad (9ms)
			EditorAssembliesLoaded (0ms)
		ExecutionOrderSort2 (0ms)
		AwakeInstancesAfterBackupRestoration (17ms)
Shader Hidden/ProbeVolume/VoxelizeScene is not supported: GPU does not support conservative rasterization
Refreshing native plugins compatible for Editor in 4.42 ms, found 3 plugins.
Preloading 0 native plugins for Editor in 0.00 ms.
Unloading 5911 Unused Serialized files (Serialized files now loaded: 0)
Unloading 49 unused Assets / (433.7 KB). Loaded Objects now: 6838.
Memory consumption went from 204.8 MB to 204.4 MB.
Total: 6.301400 ms (FindLiveObjects: 0.582600 ms CreateObjectMapping: 0.620800 ms MarkObjects: 4.856100 ms  DeleteObjects: 0.240400 ms)

Prepare: number of updated asset objects reloaded= 0
AssetImportParameters requested are different than current active one (requested -> active):
  custom:container-demuxer-ogg: 62fdf1f143b41e24485cea50d1cbac27 -> 
  custom:video-decoder-ogg-theora: a1e56fd34408186e4bbccfd4996cb3dc -> 
  custom:framework-win-MediaFoundation: 216162199b28c13a410421893ffa2e32 -> 
  custom:CustomObjectIndexerAttribute: a3ef5dd2817f97addfee359851a9dba5 -> 
  custom:container-demuxer-webm: 4f35f7cbe854078d1ac9338744f61a02 -> 
  custom:container-muxer-webm: aa71ff27fc2769a1b78a27578f13a17b -> 
  custom:video-decoder-webm-vp8: 9c59270c3fd7afecdb556c50c9e8de78 -> 
  custom:SearchIndexIgnoredProperties: e643bd26f0fe6173181afceb89e7c659 -> 
  custom:AudioImporter_EditorPlatform: d09bf68614088b80899f8185d706f6e7 -> 
  custom:video-encoder-webm-vp8: eb34c28f22e8b96e1ab97ce403110664 -> 
  custom:audio-decoder-ogg-vorbis: bf7c407c2cedff20999df2af8eb42d56 -> 
  custom:audio-encoder-webm-vorbis: bf7c407c2cedff20999df2af8eb42d56 -> 
========================================================================
Received Prepare
Shader Hidden/ProbeVolume/VoxelizeScene is not supported: GPU does not support conservative rasterization
Refreshing native plugins compatible for Editor in 522.48 ms, found 3 plugins.
Preloading 0 native plugins for Editor in 0.00 ms.
Unloading 4 Unused Serialized files (Serialized files now loaded: 0)
Unloading 4 unused Assets / (132.5 KB). Loaded Objects now: 6838.
Memory consumption went from 112.8 MB to 112.7 MB.
Total: 7.286000 ms (FindLiveObjects: 0.627000 ms CreateObjectMapping: 0.561500 ms MarkObjects: 4.864900 ms  DeleteObjects: 1.231100 ms)

Shader Hidden/ProbeVolume/VoxelizeScene is not supported: GPU does not support conservative rasterization
Prepare: number of updated asset objects reloaded= 120
AssetImportParameters requested are different than current active one (requested -> active):
  custom:container-demuxer-ogg: 62fdf1f143b41e24485cea50d1cbac27 -> 
  custom:video-decoder-ogg-theora: a1e56fd34408186e4bbccfd4996cb3dc -> 
  custom:framework-win-MediaFoundation: 216162199b28c13a410421893ffa2e32 -> 
  custom:CustomObjectIndexerAttribute: a3ef5dd2817f97addfee359851a9dba5 -> 
  custom:container-demuxer-webm: 4f35f7cbe854078d1ac9338744f61a02 -> 
  custom:container-muxer-webm: aa71ff27fc2769a1b78a27578f13a17b -> 
  custom:video-decoder-webm-vp8: 9c59270c3fd7afecdb556c50c9e8de78 -> 
  custom:SearchIndexIgnoredProperties: e643bd26f0fe6173181afceb89e7c659 -> 
  custom:AudioImporter_EditorPlatform: d09bf68614088b80899f8185d706f6e7 -> 
  custom:video-encoder-webm-vp8: eb34c28f22e8b96e1ab97ce403110664 -> 
  custom:audio-decoder-ogg-vorbis: bf7c407c2cedff20999df2af8eb42d56 -> 
  custom:audio-encoder-webm-vorbis: bf7c407c2cedff20999df2af8eb42d56 -> 
========================================================================
Received Prepare
Shader Hidden/ProbeVolume/VoxelizeScene is not supported: GPU does not support conservative rasterization
Refreshing native plugins compatible for Editor in 3.31 ms, found 3 plugins.
Preloading 0 native plugins for Editor in 0.00 ms.
Unloading 4 Unused Serialized files (Serialized files now loaded: 0)
Unloading 4 unused Assets / (130.3 KB). Loaded Objects now: 6838.
Memory consumption went from 110.5 MB to 110.4 MB.
Total: 5.376400 ms (FindLiveObjects: 0.570200 ms CreateObjectMapping: 0.522800 ms MarkObjects: 4.164400 ms  DeleteObjects: 0.117600 ms)

Prepare: number of updated asset objects reloaded= 0
AssetImportParameters requested are different than current active one (requested -> active):
  custom:container-demuxer-ogg: 62fdf1f143b41e24485cea50d1cbac27 -> 
  custom:video-decoder-ogg-theora: a1e56fd34408186e4bbccfd4996cb3dc -> 
  custom:framework-win-MediaFoundation: 216162199b28c13a410421893ffa2e32 -> 
  custom:CustomObjectIndexerAttribute: a3ef5dd2817f97addfee359851a9dba5 -> 
  custom:container-demuxer-webm: 4f35f7cbe854078d1ac9338744f61a02 -> 
  custom:container-muxer-webm: aa71ff27fc2769a1b78a27578f13a17b -> 
  custom:video-decoder-webm-vp8: 9c59270c3fd7afecdb556c50c9e8de78 -> 
  custom:SearchIndexIgnoredProperties: e643bd26f0fe6173181afceb89e7c659 -> 
  custom:AudioImporter_EditorPlatform: d09bf68614088b80899f8185d706f6e7 -> 
  custom:video-encoder-webm-vp8: eb34c28f22e8b96e1ab97ce403110664 -> 
  custom:audio-decoder-ogg-vorbis: bf7c407c2cedff20999df2af8eb42d56 -> 
  custom:audio-encoder-webm-vorbis: bf7c407c2cedff20999df2af8eb42d56 -> 
========================================================================
Received Prepare
Begin MonoManager ReloadAssembly
- Loaded All Assemblies, in  0.771 seconds
Refreshing native plugins compatible for Editor in 2.97 ms, found 3 plugins.
Native extension for UWP target not found
Native extension for LinuxStandalone target not found
Native extension for WindowsStandalone target not found
Native extension for AppleTV target not found
Native extension for iOS target not found
Native extension for Android target not found
Native extension for OSXStandalone target not found
Native extension for WebGL target not found
Mono: successfully reloaded assembly
- Finished resetting the current domain, in  1.529 seconds
Domain Reload Profiling: 2298ms
	BeginReloadAssembly (193ms)
		ExecutionOrderSort (0ms)
		DisableScriptedObjects (5ms)
		BackupInstance (0ms)
		ReleaseScriptingObjects (0ms)
		CreateAndSetChildDomain (52ms)
	RebuildCommonClasses (38ms)
	RebuildNativeTypeToScriptingClass (14ms)
	initialDomainReloadingComplete (34ms)
	LoadAllAssembliesAndSetupDomain (490ms)
		LoadAssemblies (376ms)
		RebuildTransferFunctionScriptingTraits (0ms)
		AnalyzeDomain (208ms)
			TypeCache.Refresh (167ms)
				TypeCache.ScanAssembly (146ms)
			ScanForSourceGeneratedMonoScriptInfo (27ms)
			ResolveRequiredComponents (13ms)
	FinalizeReload (1529ms)
		ReleaseScriptCaches (0ms)
		RebuildScriptCaches (0ms)
		SetupLoadedEditorAssemblies (869ms)
			LogAssemblyErrors (0ms)
			InitializePlatformSupportModulesInManaged (62ms)
			SetLoadedEditorAssemblies (4ms)
			RefreshPlugins (0ms)
			BeforeProcessingInitializeOnLoad (93ms)
			ProcessInitializeOnLoadAttributes (640ms)
			ProcessInitializeOnLoadMethodAttributes (62ms)
			AfterProcessingInitializeOnLoad (8ms)
			EditorAssembliesLoaded (0ms)
		ExecutionOrderSort2 (0ms)
		AwakeInstancesAfterBackupRestoration (14ms)
Shader Hidden/ProbeVolume/VoxelizeScene is not supported: GPU does not support conservative rasterization
Refreshing native plugins compatible for Editor in 2.94 ms, found 3 plugins.
Preloading 0 native plugins for Editor in 0.00 ms.
Unloading 5910 Unused Serialized files (Serialized files now loaded: 0)
Unloading 49 unused Assets / (154.9 KB). Loaded Objects now: 6854.
Memory consumption went from 202.4 MB to 202.3 MB.
Total: 4.806500 ms (FindLiveObjects: 0.516800 ms CreateObjectMapping: 0.509200 ms MarkObjects: 3.623700 ms  DeleteObjects: 0.155500 ms)

Prepare: number of updated asset objects reloaded= 0
AssetImportParameters requested are different than current active one (requested -> active):
  custom:container-demuxer-ogg: 62fdf1f143b41e24485cea50d1cbac27 -> 
  custom:video-decoder-ogg-theora: a1e56fd34408186e4bbccfd4996cb3dc -> 
  custom:framework-win-MediaFoundation: 216162199b28c13a410421893ffa2e32 -> 
  custom:CustomObjectIndexerAttribute: a3ef5dd2817f97addfee359851a9dba5 -> 
  custom:container-demuxer-webm: 4f35f7cbe854078d1ac9338744f61a02 -> 
  custom:container-muxer-webm: aa71ff27fc2769a1b78a27578f13a17b -> 
  custom:video-decoder-webm-vp8: 9c59270c3fd7afecdb556c50c9e8de78 -> 
  custom:SearchIndexIgnoredProperties: e643bd26f0fe6173181afceb89e7c659 -> 
  custom:AudioImporter_EditorPlatform: d09bf68614088b80899f8185d706f6e7 -> 
  custom:video-encoder-webm-vp8: eb34c28f22e8b96e1ab97ce403110664 -> 
  custom:audio-decoder-ogg-vorbis: bf7c407c2cedff20999df2af8eb42d56 -> 
  custom:audio-encoder-webm-vorbis: bf7c407c2cedff20999df2af8eb42d56 -> 
========================================================================
Received Prepare
Shader Hidden/ProbeVolume/VoxelizeScene is not supported: GPU does not support conservative rasterization
Refreshing native plugins compatible for Editor in 5.03 ms, found 3 plugins.
Preloading 0 native plugins for Editor in 0.00 ms.
Unloading 4 Unused Serialized files (Serialized files now loaded: 0)
Unloading 4 unused Assets / (130.4 KB). Loaded Objects now: 6854.
Memory consumption went from 111.2 MB to 111.1 MB.
Total: 5.399200 ms (FindLiveObjects: 0.531100 ms CreateObjectMapping: 0.601900 ms MarkObjects: 4.161800 ms  DeleteObjects: 0.103000 ms)

Prepare: number of updated asset objects reloaded= 0
AssetImportParameters requested are different than current active one (requested -> active):
  custom:container-demuxer-ogg: 62fdf1f143b41e24485cea50d1cbac27 -> 
  custom:video-decoder-ogg-theora: a1e56fd34408186e4bbccfd4996cb3dc -> 
  custom:framework-win-MediaFoundation: 216162199b28c13a410421893ffa2e32 -> 
  custom:CustomObjectIndexerAttribute: a3ef5dd2817f97addfee359851a9dba5 -> 
  custom:container-demuxer-webm: 4f35f7cbe854078d1ac9338744f61a02 -> 
  custom:container-muxer-webm: aa71ff27fc2769a1b78a27578f13a17b -> 
  custom:video-decoder-webm-vp8: 9c59270c3fd7afecdb556c50c9e8de78 -> 
  custom:SearchIndexIgnoredProperties: e643bd26f0fe6173181afceb89e7c659 -> 
  custom:AudioImporter_EditorPlatform: d09bf68614088b80899f8185d706f6e7 -> 
  custom:video-encoder-webm-vp8: eb34c28f22e8b96e1ab97ce403110664 -> 
  custom:audio-decoder-ogg-vorbis: bf7c407c2cedff20999df2af8eb42d56 -> 
  custom:audio-encoder-webm-vorbis: bf7c407c2cedff20999df2af8eb42d56 -> 
